2025-10-03 14:34:27,654 - INFO - Starting NNN content migration to Supabase...
2025-10-03 14:34:28,597 - INFO - HTTP Request: GET https://dheowcevogwnuwhyrdpj.supabase.co/rest/v1/nnn_lookup?select=id&limit=1 "HTTP/2 404 Not Found"
2025-10-03 14:34:28,599 - INFO - Table doesn't exist, creating it: {'message': "Could not find the table 'public.nnn_lookup' in the schema cache", 'code': 'PGRST205', 'hint': None, 'details': None}
2025-10-03 14:34:28,910 - INFO - HTTP Request: POST https://dheowcevogwnuwhyrdpj.supabase.co/rest/v1/rpc/exec_sql "HTTP/2 404 Not Found"
2025-10-03 14:34:28,917 - INFO - Please create the table manually in Supabase SQL editor:
2025-10-03 14:34:28,922 - INFO - 
            CREATE TABLE nnn_lookup (
                id UUID PRIMARY KEY DEFAULT gen_random_uuid(),
                diagnosis TEXT NOT NULL,
                definition TEXT,
                defining_characteristics TEXT[],
                related_factors TEXT[],
                risk_factors TEXT[],
                at_risk_population TEXT[],
                associated_conditions TEXT[],
                suggested_outcomes TEXT[],
                suggested_interventions TEXT[],
                embedding VECTOR(768),
                created_at TIMESTAMPTZ DEFAULT NOW(),
                updated_at TIMESTAMPTZ DEFAULT NOW()
            );
            
            -- Create indexes
            CREATE INDEX ON nnn_lookup USING ivfflat (embedding vector_cosine_ops);
            CREATE INDEX ON nnn_lookup USING GIN (at_risk_population);
            CREATE INDEX ON nnn_lookup USING GIN (associated_conditions);
            CREATE INDEX idx_nnn_lookup_diagnosis ON nnn_lookup (diagnosis);
            
2025-10-03 14:38:53,698 - INFO - Starting NNN content migration to Supabase...
2025-10-03 14:38:54,630 - INFO - HTTP Request: GET https://dheowcevogwnuwhyrdpj.supabase.co/rest/v1/nnn_lookup?select=id&limit=1 "HTTP/2 200 OK"
2025-10-03 14:38:54,635 - INFO - Table 'nnn_lookup' already exists
2025-10-03 14:38:54,655 - INFO - Loaded 267 total entries, filtered to 267 valid entries
2025-10-03 14:38:54,981 - INFO - HTTP Request: GET https://dheowcevogwnuwhyrdpj.supabase.co/rest/v1/nnn_lookup?select=id&diagnosis=eq.decreased+activity+tolerance "HTTP/2 200 OK"
2025-10-03 14:38:55,947 - INFO - HTTP Request: POST https://dheowcevogwnuwhyrdpj.supabase.co/rest/v1/nnn_lookup "HTTP/2 201 Created"
2025-10-03 14:38:56,237 - INFO - HTTP Request: GET https://dheowcevogwnuwhyrdpj.supabase.co/rest/v1/nnn_lookup?select=id&diagnosis=eq.risk+for+decreased+activity+tolerance "HTTP/2 200 OK"
2025-10-03 14:38:56,917 - INFO - HTTP Request: POST https://dheowcevogwnuwhyrdpj.supabase.co/rest/v1/nnn_lookup "HTTP/2 201 Created"
2025-10-03 14:38:57,205 - INFO - HTTP Request: GET https://dheowcevogwnuwhyrdpj.supabase.co/rest/v1/nnn_lookup?select=id&diagnosis=eq.ineffective+activity+planning "HTTP/2 200 OK"
2025-10-03 14:38:57,898 - INFO - HTTP Request: POST https://dheowcevogwnuwhyrdpj.supabase.co/rest/v1/nnn_lookup "HTTP/2 201 Created"
2025-10-03 14:38:58,189 - INFO - HTTP Request: GET https://dheowcevogwnuwhyrdpj.supabase.co/rest/v1/nnn_lookup?select=id&diagnosis=eq.risk+for+ineffective+activity+planning "HTTP/2 200 OK"
2025-10-03 14:38:58,889 - INFO - HTTP Request: POST https://dheowcevogwnuwhyrdpj.supabase.co/rest/v1/nnn_lookup "HTTP/2 201 Created"
2025-10-03 14:38:59,194 - INFO - HTTP Request: GET https://dheowcevogwnuwhyrdpj.supabase.co/rest/v1/nnn_lookup?select=id&diagnosis=eq.ineffective+airway+clearance "HTTP/2 200 OK"
2025-10-03 14:38:59,871 - INFO - HTTP Request: POST https://dheowcevogwnuwhyrdpj.supabase.co/rest/v1/nnn_lookup "HTTP/2 201 Created"
2025-10-03 14:39:00,156 - INFO - HTTP Request: GET https://dheowcevogwnuwhyrdpj.supabase.co/rest/v1/nnn_lookup?select=id&diagnosis=eq.risk+for+allergy+reaction "HTTP/2 200 OK"
2025-10-03 14:39:00,833 - INFO - HTTP Request: POST https://dheowcevogwnuwhyrdpj.supabase.co/rest/v1/nnn_lookup "HTTP/2 201 Created"
2025-10-03 14:39:01,127 - INFO - HTTP Request: GET https://dheowcevogwnuwhyrdpj.supabase.co/rest/v1/nnn_lookup?select=id&diagnosis=eq.anxiety "HTTP/2 200 OK"
2025-10-03 14:39:01,817 - INFO - HTTP Request: POST https://dheowcevogwnuwhyrdpj.supabase.co/rest/v1/nnn_lookup "HTTP/2 201 Created"
2025-10-03 14:39:02,109 - INFO - HTTP Request: GET https://dheowcevogwnuwhyrdpj.supabase.co/rest/v1/nnn_lookup?select=id&diagnosis=eq.death+anxiety "HTTP/2 200 OK"
2025-10-03 14:39:02,775 - INFO - HTTP Request: POST https://dheowcevogwnuwhyrdpj.supabase.co/rest/v1/nnn_lookup "HTTP/2 201 Created"
2025-10-03 14:39:03,064 - INFO - HTTP Request: GET https://dheowcevogwnuwhyrdpj.supabase.co/rest/v1/nnn_lookup?select=id&diagnosis=eq.risk+for+aspiration "HTTP/2 200 OK"
2025-10-03 14:39:03,736 - INFO - HTTP Request: POST https://dheowcevogwnuwhyrdpj.supabase.co/rest/v1/nnn_lookup "HTTP/2 201 Created"
2025-10-03 14:39:04,025 - INFO - HTTP Request: GET https://dheowcevogwnuwhyrdpj.supabase.co/rest/v1/nnn_lookup?select=id&diagnosis=eq.risk+for+impaired+attachment "HTTP/2 200 OK"
2025-10-03 14:39:04,711 - INFO - HTTP Request: POST https://dheowcevogwnuwhyrdpj.supabase.co/rest/v1/nnn_lookup "HTTP/2 201 Created"
2025-10-03 14:39:05,010 - INFO - HTTP Request: GET https://dheowcevogwnuwhyrdpj.supabase.co/rest/v1/nnn_lookup?select=id&diagnosis=eq.autonomic+dysreflexia "HTTP/2 200 OK"
2025-10-03 14:39:05,675 - INFO - HTTP Request: POST https://dheowcevogwnuwhyrdpj.supabase.co/rest/v1/nnn_lookup "HTTP/2 201 Created"
2025-10-03 14:39:05,957 - INFO - HTTP Request: GET https://dheowcevogwnuwhyrdpj.supabase.co/rest/v1/nnn_lookup?select=id&diagnosis=eq.risk+for+autonomic+dysreflexia "HTTP/2 200 OK"
2025-10-03 14:39:06,637 - INFO - HTTP Request: POST https://dheowcevogwnuwhyrdpj.supabase.co/rest/v1/nnn_lookup "HTTP/2 201 Created"
2025-10-03 14:39:06,923 - INFO - HTTP Request: GET https://dheowcevogwnuwhyrdpj.supabase.co/rest/v1/nnn_lookup?select=id&diagnosis=eq.risk+for+bleeding "HTTP/2 200 OK"
2025-10-03 14:39:07,627 - INFO - HTTP Request: POST https://dheowcevogwnuwhyrdpj.supabase.co/rest/v1/nnn_lookup "HTTP/2 201 Created"
2025-10-03 14:39:07,912 - INFO - HTTP Request: GET https://dheowcevogwnuwhyrdpj.supabase.co/rest/v1/nnn_lookup?select=id&diagnosis=eq.risk+for+unstable+blood+pressure "HTTP/2 200 OK"
2025-10-03 14:39:08,594 - INFO - HTTP Request: POST https://dheowcevogwnuwhyrdpj.supabase.co/rest/v1/nnn_lookup "HTTP/2 201 Created"
2025-10-03 14:39:08,879 - INFO - HTTP Request: GET https://dheowcevogwnuwhyrdpj.supabase.co/rest/v1/nnn_lookup?select=id&diagnosis=eq.disturbed+body+image "HTTP/2 200 OK"
2025-10-03 14:39:09,566 - INFO - HTTP Request: POST https://dheowcevogwnuwhyrdpj.supabase.co/rest/v1/nnn_lookup "HTTP/2 201 Created"
2025-10-03 14:39:09,872 - INFO - HTTP Request: GET https://dheowcevogwnuwhyrdpj.supabase.co/rest/v1/nnn_lookup?select=id&diagnosis=eq.insufficient+breast+milk+production "HTTP/2 200 OK"
2025-10-03 14:39:10,540 - INFO - HTTP Request: POST https://dheowcevogwnuwhyrdpj.supabase.co/rest/v1/nnn_lookup "HTTP/2 201 Created"
2025-10-03 14:39:10,829 - INFO - HTTP Request: GET https://dheowcevogwnuwhyrdpj.supabase.co/rest/v1/nnn_lookup?select=id&diagnosis=eq.ineffective+breastfeeding "HTTP/2 200 OK"
2025-10-03 14:39:11,530 - INFO - HTTP Request: POST https://dheowcevogwnuwhyrdpj.supabase.co/rest/v1/nnn_lookup "HTTP/2 201 Created"
2025-10-03 14:39:11,815 - INFO - HTTP Request: GET https://dheowcevogwnuwhyrdpj.supabase.co/rest/v1/nnn_lookup?select=id&diagnosis=eq.interrupted+breastfeeding "HTTP/2 200 OK"
2025-10-03 14:39:12,500 - INFO - HTTP Request: POST https://dheowcevogwnuwhyrdpj.supabase.co/rest/v1/nnn_lookup "HTTP/2 201 Created"
2025-10-03 14:39:12,796 - INFO - HTTP Request: GET https://dheowcevogwnuwhyrdpj.supabase.co/rest/v1/nnn_lookup?select=id&diagnosis=eq.readiness+for+enhanced+breastfeeding "HTTP/2 200 OK"
2025-10-03 14:39:13,460 - INFO - HTTP Request: POST https://dheowcevogwnuwhyrdpj.supabase.co/rest/v1/nnn_lookup "HTTP/2 201 Created"
2025-10-03 14:39:13,745 - INFO - HTTP Request: GET https://dheowcevogwnuwhyrdpj.supabase.co/rest/v1/nnn_lookup?select=id&diagnosis=eq.ineffective+breathing+pattern "HTTP/2 200 OK"
2025-10-03 14:39:14,398 - INFO - HTTP Request: POST https://dheowcevogwnuwhyrdpj.supabase.co/rest/v1/nnn_lookup "HTTP/2 201 Created"
2025-10-03 14:39:14,692 - INFO - HTTP Request: GET https://dheowcevogwnuwhyrdpj.supabase.co/rest/v1/nnn_lookup?select=id&diagnosis=eq.decreased+cardiac+output "HTTP/2 200 OK"
2025-10-03 14:39:15,381 - INFO - HTTP Request: POST https://dheowcevogwnuwhyrdpj.supabase.co/rest/v1/nnn_lookup "HTTP/2 201 Created"
2025-10-03 14:39:15,670 - INFO - HTTP Request: GET https://dheowcevogwnuwhyrdpj.supabase.co/rest/v1/nnn_lookup?select=id&diagnosis=eq.risk+for+decreased+cardiac+output "HTTP/2 200 OK"
2025-10-03 14:39:16,352 - INFO - HTTP Request: POST https://dheowcevogwnuwhyrdpj.supabase.co/rest/v1/nnn_lookup "HTTP/2 201 Created"
2025-10-03 14:39:16,657 - INFO - HTTP Request: GET https://dheowcevogwnuwhyrdpj.supabase.co/rest/v1/nnn_lookup?select=id&diagnosis=eq.risk+for+decreased+cardiac+tissue+perfusion "HTTP/2 200 OK"
2025-10-03 14:39:17,336 - INFO - HTTP Request: POST https://dheowcevogwnuwhyrdpj.supabase.co/rest/v1/nnn_lookup "HTTP/2 201 Created"
2025-10-03 14:39:17,623 - INFO - HTTP Request: GET https://dheowcevogwnuwhyrdpj.supabase.co/rest/v1/nnn_lookup?select=id&diagnosis=eq.risk+for+impaired+cardiovascular+function "HTTP/2 200 OK"
2025-10-03 14:39:18,324 - INFO - HTTP Request: POST https://dheowcevogwnuwhyrdpj.supabase.co/rest/v1/nnn_lookup "HTTP/2 201 Created"
2025-10-03 14:39:18,612 - INFO - HTTP Request: GET https://dheowcevogwnuwhyrdpj.supabase.co/rest/v1/nnn_lookup?select=id&diagnosis=eq.caregiver+role+strain "HTTP/2 200 OK"
2025-10-03 14:39:19,278 - INFO - HTTP Request: POST https://dheowcevogwnuwhyrdpj.supabase.co/rest/v1/nnn_lookup "HTTP/2 201 Created"
2025-10-03 14:39:19,572 - INFO - HTTP Request: GET https://dheowcevogwnuwhyrdpj.supabase.co/rest/v1/nnn_lookup?select=id&diagnosis=eq.risk+for+caregiver+role+strain "HTTP/2 200 OK"
2025-10-03 14:39:20,259 - INFO - HTTP Request: POST https://dheowcevogwnuwhyrdpj.supabase.co/rest/v1/nnn_lookup "HTTP/2 201 Created"
2025-10-03 14:39:20,540 - INFO - HTTP Request: GET https://dheowcevogwnuwhyrdpj.supabase.co/rest/v1/nnn_lookup?select=id&diagnosis=eq.risk+for+ineffective+cerebral+tissue+perfusion "HTTP/2 200 OK"
2025-10-03 14:39:21,227 - INFO - HTTP Request: POST https://dheowcevogwnuwhyrdpj.supabase.co/rest/v1/nnn_lookup "HTTP/2 201 Created"
2025-10-03 14:39:21,511 - INFO - HTTP Request: GET https://dheowcevogwnuwhyrdpj.supabase.co/rest/v1/nnn_lookup?select=id&diagnosis=eq.ineffective+childbearing+process "HTTP/2 200 OK"
2025-10-03 14:39:22,180 - INFO - HTTP Request: POST https://dheowcevogwnuwhyrdpj.supabase.co/rest/v1/nnn_lookup "HTTP/2 201 Created"
2025-10-03 14:39:22,461 - INFO - HTTP Request: GET https://dheowcevogwnuwhyrdpj.supabase.co/rest/v1/nnn_lookup?select=id&diagnosis=eq.readiness+for+enhanced+childbearing+process "HTTP/2 200 OK"
2025-10-03 14:39:23,210 - INFO - HTTP Request: POST https://dheowcevogwnuwhyrdpj.supabase.co/rest/v1/nnn_lookup "HTTP/2 201 Created"
2025-10-03 14:39:23,500 - INFO - HTTP Request: GET https://dheowcevogwnuwhyrdpj.supabase.co/rest/v1/nnn_lookup?select=id&diagnosis=eq.risk+for+ineffective+childbearing+process "HTTP/2 200 OK"
2025-10-03 14:39:24,168 - INFO - HTTP Request: POST https://dheowcevogwnuwhyrdpj.supabase.co/rest/v1/nnn_lookup "HTTP/2 201 Created"
2025-10-03 14:39:24,459 - INFO - HTTP Request: GET https://dheowcevogwnuwhyrdpj.supabase.co/rest/v1/nnn_lookup?select=id&diagnosis=eq.impaired+comfort "HTTP/2 200 OK"
2025-10-03 14:39:25,137 - INFO - HTTP Request: POST https://dheowcevogwnuwhyrdpj.supabase.co/rest/v1/nnn_lookup "HTTP/2 201 Created"
2025-10-03 14:39:25,424 - INFO - HTTP Request: GET https://dheowcevogwnuwhyrdpj.supabase.co/rest/v1/nnn_lookup?select=id&diagnosis=eq.readiness+for+enhanced+comfort "HTTP/2 200 OK"
2025-10-03 14:39:26,086 - INFO - HTTP Request: POST https://dheowcevogwnuwhyrdpj.supabase.co/rest/v1/nnn_lookup "HTTP/2 201 Created"
2025-10-03 14:39:26,374 - INFO - HTTP Request: GET https://dheowcevogwnuwhyrdpj.supabase.co/rest/v1/nnn_lookup?select=id&diagnosis=eq.readiness+for+enhanced+communication "HTTP/2 200 OK"
2025-10-03 14:39:27,047 - INFO - HTTP Request: POST https://dheowcevogwnuwhyrdpj.supabase.co/rest/v1/nnn_lookup "HTTP/2 201 Created"
2025-10-03 14:39:27,363 - INFO - HTTP Request: GET https://dheowcevogwnuwhyrdpj.supabase.co/rest/v1/nnn_lookup?select=id&diagnosis=eq.impaired+verbal+communication "HTTP/2 200 OK"
2025-10-03 14:39:28,047 - INFO - HTTP Request: POST https://dheowcevogwnuwhyrdpj.supabase.co/rest/v1/nnn_lookup "HTTP/2 201 Created"
2025-10-03 14:39:28,329 - INFO - HTTP Request: GET https://dheowcevogwnuwhyrdpj.supabase.co/rest/v1/nnn_lookup?select=id&diagnosis=eq.acute+confusion "HTTP/2 200 OK"
2025-10-03 14:39:29,015 - INFO - HTTP Request: POST https://dheowcevogwnuwhyrdpj.supabase.co/rest/v1/nnn_lookup "HTTP/2 201 Created"
2025-10-03 14:39:29,301 - INFO - HTTP Request: GET https://dheowcevogwnuwhyrdpj.supabase.co/rest/v1/nnn_lookup?select=id&diagnosis=eq.chronic+confusion "HTTP/2 200 OK"
2025-10-03 14:39:29,992 - INFO - HTTP Request: POST https://dheowcevogwnuwhyrdpj.supabase.co/rest/v1/nnn_lookup "HTTP/2 201 Created"
2025-10-03 14:39:30,288 - INFO - HTTP Request: GET https://dheowcevogwnuwhyrdpj.supabase.co/rest/v1/nnn_lookup?select=id&diagnosis=eq.risk+for+acute+confusion "HTTP/2 200 OK"
2025-10-03 14:39:30,971 - INFO - HTTP Request: POST https://dheowcevogwnuwhyrdpj.supabase.co/rest/v1/nnn_lookup "HTTP/2 201 Created"
2025-10-03 14:39:31,257 - INFO - HTTP Request: GET https://dheowcevogwnuwhyrdpj.supabase.co/rest/v1/nnn_lookup?select=id&diagnosis=eq.constipation "HTTP/2 200 OK"
2025-10-03 14:39:31,918 - INFO - HTTP Request: POST https://dheowcevogwnuwhyrdpj.supabase.co/rest/v1/nnn_lookup "HTTP/2 201 Created"
2025-10-03 14:39:32,207 - INFO - HTTP Request: GET https://dheowcevogwnuwhyrdpj.supabase.co/rest/v1/nnn_lookup?select=id&diagnosis=eq.risk+for+constipation "HTTP/2 200 OK"
2025-10-03 14:39:32,867 - INFO - HTTP Request: POST https://dheowcevogwnuwhyrdpj.supabase.co/rest/v1/nnn_lookup "HTTP/2 201 Created"
2025-10-03 14:39:33,147 - INFO - HTTP Request: GET https://dheowcevogwnuwhyrdpj.supabase.co/rest/v1/nnn_lookup?select=id&diagnosis=eq.perceived+constipation "HTTP/2 200 OK"
2025-10-03 14:39:33,821 - INFO - HTTP Request: POST https://dheowcevogwnuwhyrdpj.supabase.co/rest/v1/nnn_lookup "HTTP/2 201 Created"
2025-10-03 14:39:34,108 - INFO - HTTP Request: GET https://dheowcevogwnuwhyrdpj.supabase.co/rest/v1/nnn_lookup?select=id&diagnosis=eq.chronic+functional+constipation "HTTP/2 200 OK"
2025-10-03 14:39:34,786 - INFO - HTTP Request: POST https://dheowcevogwnuwhyrdpj.supabase.co/rest/v1/nnn_lookup "HTTP/2 201 Created"
2025-10-03 14:39:35,072 - INFO - HTTP Request: GET https://dheowcevogwnuwhyrdpj.supabase.co/rest/v1/nnn_lookup?select=id&diagnosis=eq.risk+for+chronic+functional+constipation "HTTP/2 200 OK"
2025-10-03 14:39:35,731 - INFO - HTTP Request: POST https://dheowcevogwnuwhyrdpj.supabase.co/rest/v1/nnn_lookup "HTTP/2 201 Created"
2025-10-03 14:39:36,021 - INFO - HTTP Request: GET https://dheowcevogwnuwhyrdpj.supabase.co/rest/v1/nnn_lookup?select=id&diagnosis=eq.contamination "HTTP/2 200 OK"
2025-10-03 14:39:36,710 - INFO - HTTP Request: POST https://dheowcevogwnuwhyrdpj.supabase.co/rest/v1/nnn_lookup "HTTP/2 201 Created"
2025-10-03 14:39:36,992 - INFO - HTTP Request: GET https://dheowcevogwnuwhyrdpj.supabase.co/rest/v1/nnn_lookup?select=id&diagnosis=eq.risk+for+contamination "HTTP/2 200 OK"
2025-10-03 14:39:37,664 - INFO - HTTP Request: POST https://dheowcevogwnuwhyrdpj.supabase.co/rest/v1/nnn_lookup "HTTP/2 201 Created"
2025-10-03 14:39:37,945 - INFO - HTTP Request: GET https://dheowcevogwnuwhyrdpj.supabase.co/rest/v1/nnn_lookup?select=id&diagnosis=eq.impaired+bowel+continence "HTTP/2 200 OK"
2025-10-03 14:39:38,599 - INFO - HTTP Request: POST https://dheowcevogwnuwhyrdpj.supabase.co/rest/v1/nnn_lookup "HTTP/2 201 Created"
2025-10-03 14:39:38,888 - INFO - HTTP Request: GET https://dheowcevogwnuwhyrdpj.supabase.co/rest/v1/nnn_lookup?select=id&diagnosis=eq.risk+for+adverse+reaction+to+iodinated+contrast+media "HTTP/2 200 OK"
2025-10-03 14:39:39,574 - INFO - HTTP Request: POST https://dheowcevogwnuwhyrdpj.supabase.co/rest/v1/nnn_lookup "HTTP/2 201 Created"
2025-10-03 14:39:39,862 - INFO - HTTP Request: GET https://dheowcevogwnuwhyrdpj.supabase.co/rest/v1/nnn_lookup?select=id&diagnosis=eq.readiness+for+enhanced+community+coping "HTTP/2 200 OK"
2025-10-03 14:39:40,544 - INFO - HTTP Request: POST https://dheowcevogwnuwhyrdpj.supabase.co/rest/v1/nnn_lookup "HTTP/2 201 Created"
2025-10-03 14:39:40,828 - INFO - HTTP Request: GET https://dheowcevogwnuwhyrdpj.supabase.co/rest/v1/nnn_lookup?select=id&diagnosis=eq.defensive+coping "HTTP/2 200 OK"
2025-10-03 14:39:41,503 - INFO - HTTP Request: POST https://dheowcevogwnuwhyrdpj.supabase.co/rest/v1/nnn_lookup "HTTP/2 201 Created"
2025-10-03 14:39:41,782 - INFO - HTTP Request: GET https://dheowcevogwnuwhyrdpj.supabase.co/rest/v1/nnn_lookup?select=id&diagnosis=eq.ineffective+coping "HTTP/2 200 OK"
2025-10-03 14:39:42,451 - INFO - HTTP Request: POST https://dheowcevogwnuwhyrdpj.supabase.co/rest/v1/nnn_lookup "HTTP/2 201 Created"
2025-10-03 14:39:42,733 - INFO - HTTP Request: GET https://dheowcevogwnuwhyrdpj.supabase.co/rest/v1/nnn_lookup?select=id&diagnosis=eq.readiness+for+enhanced+coping "HTTP/2 200 OK"
2025-10-03 14:39:43,389 - INFO - HTTP Request: POST https://dheowcevogwnuwhyrdpj.supabase.co/rest/v1/nnn_lookup "HTTP/2 201 Created"
2025-10-03 14:39:43,671 - INFO - HTTP Request: GET https://dheowcevogwnuwhyrdpj.supabase.co/rest/v1/nnn_lookup?select=id&diagnosis=eq.ineffective+community+coping "HTTP/2 200 OK"
2025-10-03 14:39:44,353 - INFO - HTTP Request: POST https://dheowcevogwnuwhyrdpj.supabase.co/rest/v1/nnn_lookup "HTTP/2 201 Created"
2025-10-03 14:39:44,640 - INFO - HTTP Request: GET https://dheowcevogwnuwhyrdpj.supabase.co/rest/v1/nnn_lookup?select=id&diagnosis=eq.compromised+family+coping "HTTP/2 200 OK"
2025-10-03 14:39:45,294 - INFO - HTTP Request: POST https://dheowcevogwnuwhyrdpj.supabase.co/rest/v1/nnn_lookup "HTTP/2 201 Created"
2025-10-03 14:39:45,579 - INFO - HTTP Request: GET https://dheowcevogwnuwhyrdpj.supabase.co/rest/v1/nnn_lookup?select=id&diagnosis=eq.disabled+family+coping "HTTP/2 200 OK"
2025-10-03 14:39:46,277 - INFO - HTTP Request: POST https://dheowcevogwnuwhyrdpj.supabase.co/rest/v1/nnn_lookup "HTTP/2 201 Created"
2025-10-03 14:39:46,560 - INFO - HTTP Request: GET https://dheowcevogwnuwhyrdpj.supabase.co/rest/v1/nnn_lookup?select=id&diagnosis=eq.readiness+for+enhanced+family+coping "HTTP/2 200 OK"
2025-10-03 14:39:47,254 - INFO - HTTP Request: POST https://dheowcevogwnuwhyrdpj.supabase.co/rest/v1/nnn_lookup "HTTP/2 201 Created"
2025-10-03 14:39:47,539 - INFO - HTTP Request: GET https://dheowcevogwnuwhyrdpj.supabase.co/rest/v1/nnn_lookup?select=id&diagnosis=eq.readiness+for+enhanced+decision-making "HTTP/2 200 OK"
2025-10-03 14:39:48,217 - INFO - HTTP Request: POST https://dheowcevogwnuwhyrdpj.supabase.co/rest/v1/nnn_lookup "HTTP/2 201 Created"
2025-10-03 14:39:48,524 - INFO - HTTP Request: GET https://dheowcevogwnuwhyrdpj.supabase.co/rest/v1/nnn_lookup?select=id&diagnosis=eq.decisional+conflict "HTTP/2 200 OK"
2025-10-03 14:39:49,212 - INFO - HTTP Request: POST https://dheowcevogwnuwhyrdpj.supabase.co/rest/v1/nnn_lookup "HTTP/2 201 Created"
2025-10-03 14:39:49,505 - INFO - HTTP Request: GET https://dheowcevogwnuwhyrdpj.supabase.co/rest/v1/nnn_lookup?select=id&diagnosis=eq.risk+for+elopement+attempt "HTTP/2 200 OK"
2025-10-03 14:39:50,199 - INFO - HTTP Request: POST https://dheowcevogwnuwhyrdpj.supabase.co/rest/v1/nnn_lookup "HTTP/2 201 Created"
2025-10-03 14:39:50,485 - INFO - HTTP Request: GET https://dheowcevogwnuwhyrdpj.supabase.co/rest/v1/nnn_lookup?select=id&diagnosis=eq.impaired+emancipated+decision-making "HTTP/2 200 OK"
2025-10-03 14:39:51,165 - INFO - HTTP Request: POST https://dheowcevogwnuwhyrdpj.supabase.co/rest/v1/nnn_lookup "HTTP/2 201 Created"
2025-10-03 14:39:51,469 - INFO - HTTP Request: GET https://dheowcevogwnuwhyrdpj.supabase.co/rest/v1/nnn_lookup?select=id&diagnosis=eq.readiness+for+enhanced+emancipated+decision-making "HTTP/2 200 OK"
2025-10-03 14:39:52,165 - INFO - HTTP Request: POST https://dheowcevogwnuwhyrdpj.supabase.co/rest/v1/nnn_lookup "HTTP/2 201 Created"
2025-10-03 14:39:52,456 - INFO - HTTP Request: GET https://dheowcevogwnuwhyrdpj.supabase.co/rest/v1/nnn_lookup?select=id&diagnosis=eq.risk+for+impaired+emancipated+decision-making "HTTP/2 200 OK"
2025-10-03 14:39:53,142 - INFO - HTTP Request: POST https://dheowcevogwnuwhyrdpj.supabase.co/rest/v1/nnn_lookup "HTTP/2 201 Created"
2025-10-03 14:39:53,427 - INFO - HTTP Request: GET https://dheowcevogwnuwhyrdpj.supabase.co/rest/v1/nnn_lookup?select=id&diagnosis=eq.readiness+for+enhanced+exercise+engagement "HTTP/2 200 OK"
2025-10-03 14:39:54,102 - INFO - HTTP Request: POST https://dheowcevogwnuwhyrdpj.supabase.co/rest/v1/nnn_lookup "HTTP/2 201 Created"
2025-10-03 14:39:54,388 - INFO - HTTP Request: GET https://dheowcevogwnuwhyrdpj.supabase.co/rest/v1/nnn_lookup?select=id&diagnosis=eq.ineffective+denial "HTTP/2 200 OK"
2025-10-03 14:39:55,051 - INFO - HTTP Request: POST https://dheowcevogwnuwhyrdpj.supabase.co/rest/v1/nnn_lookup "HTTP/2 201 Created"
2025-10-03 14:39:55,339 - INFO - HTTP Request: GET https://dheowcevogwnuwhyrdpj.supabase.co/rest/v1/nnn_lookup?select=id&diagnosis=eq.impaired+dentition "HTTP/2 200 OK"
2025-10-03 14:39:56,009 - INFO - HTTP Request: POST https://dheowcevogwnuwhyrdpj.supabase.co/rest/v1/nnn_lookup "HTTP/2 201 Created"
2025-10-03 14:39:56,300 - INFO - HTTP Request: GET https://dheowcevogwnuwhyrdpj.supabase.co/rest/v1/nnn_lookup?select=id&diagnosis=eq.delayed+child+development "HTTP/2 200 OK"
2025-10-03 14:39:56,984 - INFO - HTTP Request: POST https://dheowcevogwnuwhyrdpj.supabase.co/rest/v1/nnn_lookup "HTTP/2 201 Created"
2025-10-03 14:39:57,281 - INFO - HTTP Request: GET https://dheowcevogwnuwhyrdpj.supabase.co/rest/v1/nnn_lookup?select=id&diagnosis=eq.risk+for+delayed+child+development "HTTP/2 200 OK"
2025-10-03 14:39:57,967 - INFO - HTTP Request: POST https://dheowcevogwnuwhyrdpj.supabase.co/rest/v1/nnn_lookup "HTTP/2 201 Created"
2025-10-03 14:39:58,253 - INFO - HTTP Request: GET https://dheowcevogwnuwhyrdpj.supabase.co/rest/v1/nnn_lookup?select=id&diagnosis=eq.delayed+infant+motor+development "HTTP/2 200 OK"
2025-10-03 14:39:58,945 - INFO - HTTP Request: POST https://dheowcevogwnuwhyrdpj.supabase.co/rest/v1/nnn_lookup "HTTP/2 201 Created"
2025-10-03 14:39:59,239 - INFO - HTTP Request: GET https://dheowcevogwnuwhyrdpj.supabase.co/rest/v1/nnn_lookup?select=id&diagnosis=eq.risk+for+delayed+infant+motor+development "HTTP/2 200 OK"
2025-10-03 14:39:59,929 - INFO - HTTP Request: POST https://dheowcevogwnuwhyrdpj.supabase.co/rest/v1/nnn_lookup "HTTP/2 201 Created"
2025-10-03 14:40:00,220 - INFO - HTTP Request: GET https://dheowcevogwnuwhyrdpj.supabase.co/rest/v1/nnn_lookup?select=id&diagnosis=eq.diarrhea "HTTP/2 200 OK"
2025-10-03 14:40:00,884 - INFO - HTTP Request: POST https://dheowcevogwnuwhyrdpj.supabase.co/rest/v1/nnn_lookup "HTTP/2 201 Created"
2025-10-03 14:40:01,174 - INFO - HTTP Request: GET https://dheowcevogwnuwhyrdpj.supabase.co/rest/v1/nnn_lookup?select=id&diagnosis=eq.risk+for+disuse+syndrome "HTTP/2 200 OK"
2025-10-03 14:40:01,883 - INFO - HTTP Request: POST https://dheowcevogwnuwhyrdpj.supabase.co/rest/v1/nnn_lookup "HTTP/2 201 Created"
2025-10-03 14:40:02,180 - INFO - HTTP Request: GET https://dheowcevogwnuwhyrdpj.supabase.co/rest/v1/nnn_lookup?select=id&diagnosis=eq.decreased+diversional+activity+engagement "HTTP/2 200 OK"
2025-10-03 14:40:02,836 - INFO - HTTP Request: POST https://dheowcevogwnuwhyrdpj.supabase.co/rest/v1/nnn_lookup "HTTP/2 201 Created"
2025-10-03 14:40:03,124 - INFO - HTTP Request: GET https://dheowcevogwnuwhyrdpj.supabase.co/rest/v1/nnn_lookup?select=id&diagnosis=eq.ineffective+adolescent+eating+dynamics "HTTP/2 200 OK"
2025-10-03 14:40:03,782 - INFO - HTTP Request: POST https://dheowcevogwnuwhyrdpj.supabase.co/rest/v1/nnn_lookup "HTTP/2 201 Created"
2025-10-03 14:40:04,066 - INFO - HTTP Request: GET https://dheowcevogwnuwhyrdpj.supabase.co/rest/v1/nnn_lookup?select=id&diagnosis=eq.ineffective+child+eating+dynamics "HTTP/2 200 OK"
2025-10-03 14:40:04,784 - INFO - HTTP Request: POST https://dheowcevogwnuwhyrdpj.supabase.co/rest/v1/nnn_lookup "HTTP/2 201 Created"
2025-10-03 14:40:05,071 - INFO - HTTP Request: GET https://dheowcevogwnuwhyrdpj.supabase.co/rest/v1/nnn_lookup?select=id&diagnosis=eq.risk+for+electrolyte+imbalance "HTTP/2 200 OK"
2025-10-03 14:40:05,755 - INFO - HTTP Request: POST https://dheowcevogwnuwhyrdpj.supabase.co/rest/v1/nnn_lookup "HTTP/2 201 Created"
2025-10-03 14:40:06,042 - INFO - HTTP Request: GET https://dheowcevogwnuwhyrdpj.supabase.co/rest/v1/nnn_lookup?select=id&diagnosis=eq.labile+emotional+control "HTTP/2 200 OK"
2025-10-03 14:40:06,727 - INFO - HTTP Request: POST https://dheowcevogwnuwhyrdpj.supabase.co/rest/v1/nnn_lookup "HTTP/2 201 Created"
2025-10-03 14:40:07,010 - INFO - HTTP Request: GET https://dheowcevogwnuwhyrdpj.supabase.co/rest/v1/nnn_lookup?select=id&diagnosis=eq.imbalanced+energy+field "HTTP/2 200 OK"
2025-10-03 14:40:07,704 - INFO - HTTP Request: POST https://dheowcevogwnuwhyrdpj.supabase.co/rest/v1/nnn_lookup "HTTP/2 201 Created"
2025-10-03 14:40:07,993 - INFO - HTTP Request: GET https://dheowcevogwnuwhyrdpj.supabase.co/rest/v1/nnn_lookup?select=id&diagnosis=eq.ineffective+dry+eye+self-management "HTTP/2 200 OK"
2025-10-03 14:40:08,682 - INFO - HTTP Request: POST https://dheowcevogwnuwhyrdpj.supabase.co/rest/v1/nnn_lookup "HTTP/2 201 Created"
2025-10-03 14:40:08,996 - INFO - HTTP Request: GET https://dheowcevogwnuwhyrdpj.supabase.co/rest/v1/nnn_lookup?select=id&diagnosis=eq.risk+for+dry+eye "HTTP/2 200 OK"
2025-10-03 14:40:09,666 - INFO - HTTP Request: POST https://dheowcevogwnuwhyrdpj.supabase.co/rest/v1/nnn_lookup "HTTP/2 201 Created"
2025-10-03 14:40:09,949 - INFO - HTTP Request: GET https://dheowcevogwnuwhyrdpj.supabase.co/rest/v1/nnn_lookup?select=id&diagnosis=eq.risk+for+adult+falls "HTTP/2 200 OK"
2025-10-03 14:40:10,613 - INFO - HTTP Request: POST https://dheowcevogwnuwhyrdpj.supabase.co/rest/v1/nnn_lookup "HTTP/2 201 Created"
2025-10-03 14:40:10,913 - INFO - HTTP Request: GET https://dheowcevogwnuwhyrdpj.supabase.co/rest/v1/nnn_lookup?select=id&diagnosis=eq.risk+for+child+falls "HTTP/2 200 OK"
2025-10-03 14:40:11,579 - INFO - HTTP Request: POST https://dheowcevogwnuwhyrdpj.supabase.co/rest/v1/nnn_lookup "HTTP/2 201 Created"
2025-10-03 14:40:11,867 - INFO - HTTP Request: GET https://dheowcevogwnuwhyrdpj.supabase.co/rest/v1/nnn_lookup?select=id&diagnosis=eq.dysfunctional+family+processes "HTTP/2 200 OK"
2025-10-03 14:40:12,551 - INFO - HTTP Request: POST https://dheowcevogwnuwhyrdpj.supabase.co/rest/v1/nnn_lookup "HTTP/2 201 Created"
2025-10-03 14:40:12,841 - INFO - HTTP Request: GET https://dheowcevogwnuwhyrdpj.supabase.co/rest/v1/nnn_lookup?select=id&diagnosis=eq.interrupted+family+processes "HTTP/2 200 OK"
2025-10-03 14:40:13,505 - INFO - HTTP Request: POST https://dheowcevogwnuwhyrdpj.supabase.co/rest/v1/nnn_lookup "HTTP/2 201 Created"
2025-10-03 14:40:13,794 - INFO - HTTP Request: GET https://dheowcevogwnuwhyrdpj.supabase.co/rest/v1/nnn_lookup?select=id&diagnosis=eq.readiness+for+enhanced+family+processes "HTTP/2 200 OK"
2025-10-03 14:40:14,479 - INFO - HTTP Request: POST https://dheowcevogwnuwhyrdpj.supabase.co/rest/v1/nnn_lookup "HTTP/2 201 Created"
2025-10-03 14:40:14,767 - INFO - HTTP Request: GET https://dheowcevogwnuwhyrdpj.supabase.co/rest/v1/nnn_lookup?select=id&diagnosis=eq.fatigue "HTTP/2 200 OK"
2025-10-03 14:40:15,468 - INFO - HTTP Request: POST https://dheowcevogwnuwhyrdpj.supabase.co/rest/v1/nnn_lookup "HTTP/2 201 Created"
2025-10-03 14:40:15,756 - INFO - HTTP Request: GET https://dheowcevogwnuwhyrdpj.supabase.co/rest/v1/nnn_lookup?select=id&diagnosis=eq.fear "HTTP/2 200 OK"
2025-10-03 14:40:16,437 - INFO - HTTP Request: POST https://dheowcevogwnuwhyrdpj.supabase.co/rest/v1/nnn_lookup "HTTP/2 201 Created"
2025-10-03 14:40:16,724 - INFO - HTTP Request: GET https://dheowcevogwnuwhyrdpj.supabase.co/rest/v1/nnn_lookup?select=id&diagnosis=eq.ineffective+infant+feeding+dynamics "HTTP/2 200 OK"
2025-10-03 14:40:17,414 - INFO - HTTP Request: POST https://dheowcevogwnuwhyrdpj.supabase.co/rest/v1/nnn_lookup "HTTP/2 201 Created"
2025-10-03 14:40:17,700 - INFO - HTTP Request: GET https://dheowcevogwnuwhyrdpj.supabase.co/rest/v1/nnn_lookup?select=id&diagnosis=eq.risk+for+female+genital+mutilation "HTTP/2 200 OK"
2025-10-03 14:40:18,500 - INFO - HTTP Request: POST https://dheowcevogwnuwhyrdpj.supabase.co/rest/v1/nnn_lookup "HTTP/2 201 Created"
2025-10-03 14:40:18,788 - INFO - HTTP Request: GET https://dheowcevogwnuwhyrdpj.supabase.co/rest/v1/nnn_lookup?select=id&diagnosis=eq.risk+for+imbalanced+fluid+volume "HTTP/2 200 OK"
2025-10-03 14:40:19,467 - INFO - HTTP Request: POST https://dheowcevogwnuwhyrdpj.supabase.co/rest/v1/nnn_lookup "HTTP/2 201 Created"
2025-10-03 14:40:19,785 - INFO - HTTP Request: GET https://dheowcevogwnuwhyrdpj.supabase.co/rest/v1/nnn_lookup?select=id&diagnosis=eq.deficient+fluid+volume "HTTP/2 200 OK"
2025-10-03 14:40:20,458 - INFO - HTTP Request: POST https://dheowcevogwnuwhyrdpj.supabase.co/rest/v1/nnn_lookup "HTTP/2 201 Created"
2025-10-03 14:40:20,749 - INFO - HTTP Request: GET https://dheowcevogwnuwhyrdpj.supabase.co/rest/v1/nnn_lookup?select=id&diagnosis=eq.excess+fluid+volume "HTTP/2 200 OK"
2025-10-03 14:40:21,425 - INFO - HTTP Request: POST https://dheowcevogwnuwhyrdpj.supabase.co/rest/v1/nnn_lookup "HTTP/2 201 Created"
2025-10-03 14:40:21,709 - INFO - HTTP Request: GET https://dheowcevogwnuwhyrdpj.supabase.co/rest/v1/nnn_lookup?select=id&diagnosis=eq.risk+for+deficient+fluid+volume "HTTP/2 200 OK"
2025-10-03 14:40:22,371 - INFO - HTTP Request: POST https://dheowcevogwnuwhyrdpj.supabase.co/rest/v1/nnn_lookup "HTTP/2 201 Created"
2025-10-03 14:40:22,661 - INFO - HTTP Request: GET https://dheowcevogwnuwhyrdpj.supabase.co/rest/v1/nnn_lookup?select=id&diagnosis=eq.frail+elderly+syndrome "HTTP/2 200 OK"
2025-10-03 14:40:23,349 - INFO - HTTP Request: POST https://dheowcevogwnuwhyrdpj.supabase.co/rest/v1/nnn_lookup "HTTP/2 201 Created"
2025-10-03 14:40:23,632 - INFO - HTTP Request: GET https://dheowcevogwnuwhyrdpj.supabase.co/rest/v1/nnn_lookup?select=id&diagnosis=eq.risk+for+frail+elderly+syndrome "HTTP/2 200 OK"
2025-10-03 14:40:24,296 - INFO - HTTP Request: POST https://dheowcevogwnuwhyrdpj.supabase.co/rest/v1/nnn_lookup "HTTP/2 201 Created"
2025-10-03 14:40:24,582 - INFO - HTTP Request: GET https://dheowcevogwnuwhyrdpj.supabase.co/rest/v1/nnn_lookup?select=id&diagnosis=eq.impaired+gas+exchange "HTTP/2 200 OK"
2025-10-03 14:40:25,252 - INFO - HTTP Request: POST https://dheowcevogwnuwhyrdpj.supabase.co/rest/v1/nnn_lookup "HTTP/2 201 Created"
2025-10-03 14:40:25,543 - INFO - HTTP Request: GET https://dheowcevogwnuwhyrdpj.supabase.co/rest/v1/nnn_lookup?select=id&diagnosis=eq.risk+for+dysfunctional+gastrointestinal+motility "HTTP/2 200 OK"
2025-10-03 14:40:26,204 - INFO - HTTP Request: POST https://dheowcevogwnuwhyrdpj.supabase.co/rest/v1/nnn_lookup "HTTP/2 201 Created"
2025-10-03 14:40:26,490 - INFO - HTTP Request: GET https://dheowcevogwnuwhyrdpj.supabase.co/rest/v1/nnn_lookup?select=id&diagnosis=eq.dysfunctional+gastrointestinal+motility "HTTP/2 200 OK"
2025-10-03 14:40:27,181 - INFO - HTTP Request: POST https://dheowcevogwnuwhyrdpj.supabase.co/rest/v1/nnn_lookup "HTTP/2 201 Created"
2025-10-03 14:40:27,468 - INFO - HTTP Request: GET https://dheowcevogwnuwhyrdpj.supabase.co/rest/v1/nnn_lookup?select=id&diagnosis=eq.risk+for+unstable+blood+glucose+level "HTTP/2 200 OK"
2025-10-03 14:40:28,148 - INFO - HTTP Request: POST https://dheowcevogwnuwhyrdpj.supabase.co/rest/v1/nnn_lookup "HTTP/2 201 Created"
2025-10-03 14:40:28,434 - INFO - HTTP Request: GET https://dheowcevogwnuwhyrdpj.supabase.co/rest/v1/nnn_lookup?select=id&diagnosis=eq.maladaptive+grieving "HTTP/2 200 OK"
2025-10-03 14:40:29,122 - INFO - HTTP Request: POST https://dheowcevogwnuwhyrdpj.supabase.co/rest/v1/nnn_lookup "HTTP/2 201 Created"
2025-10-03 14:40:29,413 - INFO - HTTP Request: GET https://dheowcevogwnuwhyrdpj.supabase.co/rest/v1/nnn_lookup?select=id&diagnosis=eq.risk+for+maladaptive+grieving "HTTP/2 200 OK"
2025-10-03 14:40:30,081 - INFO - HTTP Request: POST https://dheowcevogwnuwhyrdpj.supabase.co/rest/v1/nnn_lookup "HTTP/2 201 Created"
2025-10-03 14:40:30,365 - INFO - HTTP Request: GET https://dheowcevogwnuwhyrdpj.supabase.co/rest/v1/nnn_lookup?select=id&diagnosis=eq.readiness+for+enhanced+grieving "HTTP/2 200 OK"
2025-10-03 14:40:31,024 - INFO - HTTP Request: POST https://dheowcevogwnuwhyrdpj.supabase.co/rest/v1/nnn_lookup "HTTP/2 201 Created"
2025-10-03 14:40:31,316 - INFO - HTTP Request: GET https://dheowcevogwnuwhyrdpj.supabase.co/rest/v1/nnn_lookup?select=id&diagnosis=eq.deficient+community+health "HTTP/2 200 OK"
2025-10-03 14:40:31,975 - INFO - HTTP Request: POST https://dheowcevogwnuwhyrdpj.supabase.co/rest/v1/nnn_lookup "HTTP/2 201 Created"
2025-10-03 14:40:32,274 - INFO - HTTP Request: GET https://dheowcevogwnuwhyrdpj.supabase.co/rest/v1/nnn_lookup?select=id&diagnosis=eq.risk-prone+health+behavior "HTTP/2 200 OK"
2025-10-03 14:40:32,960 - INFO - HTTP Request: POST https://dheowcevogwnuwhyrdpj.supabase.co/rest/v1/nnn_lookup "HTTP/2 201 Created"
2025-10-03 14:40:33,254 - INFO - HTTP Request: GET https://dheowcevogwnuwhyrdpj.supabase.co/rest/v1/nnn_lookup?select=id&diagnosis=eq.ineffective+health+self-management "HTTP/2 200 OK"
2025-10-03 14:40:34,011 - INFO - HTTP Request: POST https://dheowcevogwnuwhyrdpj.supabase.co/rest/v1/nnn_lookup "HTTP/2 201 Created"
2025-10-03 14:40:34,298 - INFO - HTTP Request: GET https://dheowcevogwnuwhyrdpj.supabase.co/rest/v1/nnn_lookup?select=id&diagnosis=eq.readiness+for+enhanced+health+self-management "HTTP/2 200 OK"
2025-10-03 14:40:34,994 - INFO - HTTP Request: POST https://dheowcevogwnuwhyrdpj.supabase.co/rest/v1/nnn_lookup "HTTP/2 201 Created"
2025-10-03 14:40:35,286 - INFO - HTTP Request: GET https://dheowcevogwnuwhyrdpj.supabase.co/rest/v1/nnn_lookup?select=id&diagnosis=eq.ineffective+family+health+self-management "HTTP/2 200 OK"
2025-10-03 14:40:36,078 - INFO - HTTP Request: POST https://dheowcevogwnuwhyrdpj.supabase.co/rest/v1/nnn_lookup "HTTP/2 201 Created"
2025-10-03 14:40:36,368 - INFO - HTTP Request: GET https://dheowcevogwnuwhyrdpj.supabase.co/rest/v1/nnn_lookup?select=id&diagnosis=eq.ineffective+health+maintenance+behaviors "HTTP/2 200 OK"
2025-10-03 14:40:37,059 - INFO - HTTP Request: POST https://dheowcevogwnuwhyrdpj.supabase.co/rest/v1/nnn_lookup "HTTP/2 201 Created"
2025-10-03 14:40:37,342 - INFO - HTTP Request: GET https://dheowcevogwnuwhyrdpj.supabase.co/rest/v1/nnn_lookup?select=id&diagnosis=eq.ineffective+home+maintenance+behaviors "HTTP/2 200 OK"
2025-10-03 14:40:38,217 - INFO - HTTP Request: POST https://dheowcevogwnuwhyrdpj.supabase.co/rest/v1/nnn_lookup "HTTP/2 201 Created"
2025-10-03 14:40:38,502 - INFO - HTTP Request: GET https://dheowcevogwnuwhyrdpj.supabase.co/rest/v1/nnn_lookup?select=id&diagnosis=eq.readiness+for+enhanced+home+maintenance+behaviors "HTTP/2 200 OK"
2025-10-03 14:40:39,154 - INFO - HTTP Request: POST https://dheowcevogwnuwhyrdpj.supabase.co/rest/v1/nnn_lookup "HTTP/2 201 Created"
2025-10-03 14:40:39,435 - INFO - HTTP Request: GET https://dheowcevogwnuwhyrdpj.supabase.co/rest/v1/nnn_lookup?select=id&diagnosis=eq.risk+for+ineffective+home+maintenance+behaviors "HTTP/2 200 OK"
2025-10-03 14:40:40,094 - INFO - HTTP Request: POST https://dheowcevogwnuwhyrdpj.supabase.co/rest/v1/nnn_lookup "HTTP/2 201 Created"
2025-10-03 14:40:40,374 - INFO - HTTP Request: GET https://dheowcevogwnuwhyrdpj.supabase.co/rest/v1/nnn_lookup?select=id&diagnosis=eq.readiness+for+enhanced+hope "HTTP/2 200 OK"
2025-10-03 14:40:41,141 - INFO - HTTP Request: POST https://dheowcevogwnuwhyrdpj.supabase.co/rest/v1/nnn_lookup "HTTP/2 201 Created"
2025-10-03 14:40:41,582 - INFO - HTTP Request: GET https://dheowcevogwnuwhyrdpj.supabase.co/rest/v1/nnn_lookup?select=id&diagnosis=eq.hopelessness "HTTP/2 200 OK"
2025-10-03 14:40:42,252 - INFO - HTTP Request: POST https://dheowcevogwnuwhyrdpj.supabase.co/rest/v1/nnn_lookup "HTTP/2 201 Created"
2025-10-03 14:40:42,536 - INFO - HTTP Request: GET https://dheowcevogwnuwhyrdpj.supabase.co/rest/v1/nnn_lookup?select=id&diagnosis=eq.risk+for+compromised+human+dignity "HTTP/2 200 OK"
2025-10-03 14:40:43,201 - INFO - HTTP Request: POST https://dheowcevogwnuwhyrdpj.supabase.co/rest/v1/nnn_lookup "HTTP/2 201 Created"
2025-10-03 14:40:43,485 - INFO - HTTP Request: GET https://dheowcevogwnuwhyrdpj.supabase.co/rest/v1/nnn_lookup?select=id&diagnosis=eq.neonatal+hyperbilirubinemia "HTTP/2 200 OK"
2025-10-03 14:40:44,150 - INFO - HTTP Request: POST https://dheowcevogwnuwhyrdpj.supabase.co/rest/v1/nnn_lookup "HTTP/2 201 Created"
2025-10-03 14:40:44,427 - INFO - HTTP Request: GET https://dheowcevogwnuwhyrdpj.supabase.co/rest/v1/nnn_lookup?select=id&diagnosis=eq.risk+for+neonatal+hyperbilirubinemia "HTTP/2 200 OK"
2025-10-03 14:40:45,090 - INFO - HTTP Request: POST https://dheowcevogwnuwhyrdpj.supabase.co/rest/v1/nnn_lookup "HTTP/2 201 Created"
2025-10-03 14:40:45,373 - INFO - HTTP Request: GET https://dheowcevogwnuwhyrdpj.supabase.co/rest/v1/nnn_lookup?select=id&diagnosis=eq.hyperthermia "HTTP/2 200 OK"
2025-10-03 14:40:46,029 - INFO - HTTP Request: POST https://dheowcevogwnuwhyrdpj.supabase.co/rest/v1/nnn_lookup "HTTP/2 201 Created"
2025-10-03 14:40:46,316 - INFO - HTTP Request: GET https://dheowcevogwnuwhyrdpj.supabase.co/rest/v1/nnn_lookup?select=id&diagnosis=eq.hypothermia "HTTP/2 200 OK"
2025-10-03 14:40:46,991 - INFO - HTTP Request: POST https://dheowcevogwnuwhyrdpj.supabase.co/rest/v1/nnn_lookup "HTTP/2 201 Created"
2025-10-03 14:40:47,272 - INFO - HTTP Request: GET https://dheowcevogwnuwhyrdpj.supabase.co/rest/v1/nnn_lookup?select=id&diagnosis=eq.risk+for+hypothermia "HTTP/2 200 OK"
2025-10-03 14:40:47,933 - INFO - HTTP Request: POST https://dheowcevogwnuwhyrdpj.supabase.co/rest/v1/nnn_lookup "HTTP/2 201 Created"
2025-10-03 14:40:48,209 - INFO - HTTP Request: GET https://dheowcevogwnuwhyrdpj.supabase.co/rest/v1/nnn_lookup?select=id&diagnosis=eq.neonatal+hypothermia "HTTP/2 200 OK"
2025-10-03 14:40:48,904 - INFO - HTTP Request: POST https://dheowcevogwnuwhyrdpj.supabase.co/rest/v1/nnn_lookup "HTTP/2 201 Created"
2025-10-03 14:40:49,196 - INFO - HTTP Request: GET https://dheowcevogwnuwhyrdpj.supabase.co/rest/v1/nnn_lookup?select=id&diagnosis=eq.risk+for+neonatal+hypothermia "HTTP/2 200 OK"
2025-10-03 14:40:49,874 - INFO - HTTP Request: POST https://dheowcevogwnuwhyrdpj.supabase.co/rest/v1/nnn_lookup "HTTP/2 201 Created"
2025-10-03 14:40:50,156 - INFO - HTTP Request: GET https://dheowcevogwnuwhyrdpj.supabase.co/rest/v1/nnn_lookup?select=id&diagnosis=eq.risk+for+perioperative+hypothermia "HTTP/2 200 OK"
2025-10-03 14:40:50,933 - INFO - HTTP Request: POST https://dheowcevogwnuwhyrdpj.supabase.co/rest/v1/nnn_lookup "HTTP/2 201 Created"
2025-10-03 14:40:51,216 - INFO - HTTP Request: GET https://dheowcevogwnuwhyrdpj.supabase.co/rest/v1/nnn_lookup?select=id&diagnosis=eq.disturbed+family+identity+syndrome "HTTP/2 200 OK"
2025-10-03 14:40:51,969 - INFO - HTTP Request: POST https://dheowcevogwnuwhyrdpj.supabase.co/rest/v1/nnn_lookup "HTTP/2 201 Created"
2025-10-03 14:40:52,254 - INFO - HTTP Request: GET https://dheowcevogwnuwhyrdpj.supabase.co/rest/v1/nnn_lookup?select=id&diagnosis=eq.risk+for+disturbed+family+identity+syndrome "HTTP/2 200 OK"
2025-10-03 14:40:52,921 - INFO - HTTP Request: POST https://dheowcevogwnuwhyrdpj.supabase.co/rest/v1/nnn_lookup "HTTP/2 201 Created"
2025-10-03 14:40:53,217 - INFO - HTTP Request: GET https://dheowcevogwnuwhyrdpj.supabase.co/rest/v1/nnn_lookup?select=id&diagnosis=eq.disturbed+personal+identity "HTTP/2 200 OK"
2025-10-03 14:40:53,886 - INFO - HTTP Request: POST https://dheowcevogwnuwhyrdpj.supabase.co/rest/v1/nnn_lookup "HTTP/2 201 Created"
2025-10-03 14:40:54,175 - INFO - HTTP Request: GET https://dheowcevogwnuwhyrdpj.supabase.co/rest/v1/nnn_lookup?select=id&diagnosis=eq.risk+for+disturbed+personal+identity "HTTP/2 200 OK"
2025-10-03 14:40:54,850 - INFO - HTTP Request: POST https://dheowcevogwnuwhyrdpj.supabase.co/rest/v1/nnn_lookup "HTTP/2 201 Created"
2025-10-03 14:40:55,138 - INFO - HTTP Request: GET https://dheowcevogwnuwhyrdpj.supabase.co/rest/v1/nnn_lookup?select=id&diagnosis=eq.risk+for+complicated+immigration+transition "HTTP/2 200 OK"
2025-10-03 14:40:55,799 - INFO - HTTP Request: POST https://dheowcevogwnuwhyrdpj.supabase.co/rest/v1/nnn_lookup "HTTP/2 201 Created"
2025-10-03 14:40:56,079 - INFO - HTTP Request: GET https://dheowcevogwnuwhyrdpj.supabase.co/rest/v1/nnn_lookup?select=id&diagnosis=eq.ineffective+impulse+control "HTTP/2 200 OK"
2025-10-03 14:40:56,752 - INFO - HTTP Request: POST https://dheowcevogwnuwhyrdpj.supabase.co/rest/v1/nnn_lookup "HTTP/2 201 Created"
2025-10-03 14:40:57,032 - INFO - HTTP Request: GET https://dheowcevogwnuwhyrdpj.supabase.co/rest/v1/nnn_lookup?select=id&diagnosis=eq.disability-associated+urinary+incontinence "HTTP/2 200 OK"
2025-10-03 14:40:57,703 - INFO - HTTP Request: POST https://dheowcevogwnuwhyrdpj.supabase.co/rest/v1/nnn_lookup "HTTP/2 201 Created"
2025-10-03 14:40:57,988 - INFO - HTTP Request: GET https://dheowcevogwnuwhyrdpj.supabase.co/rest/v1/nnn_lookup?select=id&diagnosis=eq.mixed+urinary+incontinence "HTTP/2 200 OK"
2025-10-03 14:40:58,666 - INFO - HTTP Request: POST https://dheowcevogwnuwhyrdpj.supabase.co/rest/v1/nnn_lookup "HTTP/2 201 Created"
2025-10-03 14:40:58,947 - INFO - HTTP Request: GET https://dheowcevogwnuwhyrdpj.supabase.co/rest/v1/nnn_lookup?select=id&diagnosis=eq.stress+urinary+incontinence "HTTP/2 200 OK"
2025-10-03 14:40:59,620 - INFO - HTTP Request: POST https://dheowcevogwnuwhyrdpj.supabase.co/rest/v1/nnn_lookup "HTTP/2 201 Created"
2025-10-03 14:40:59,905 - INFO - HTTP Request: GET https://dheowcevogwnuwhyrdpj.supabase.co/rest/v1/nnn_lookup?select=id&diagnosis=eq.urge+urinary+incontinence "HTTP/2 200 OK"
2025-10-03 14:41:00,565 - INFO - HTTP Request: POST https://dheowcevogwnuwhyrdpj.supabase.co/rest/v1/nnn_lookup "HTTP/2 201 Created"
2025-10-03 14:41:00,855 - INFO - HTTP Request: GET https://dheowcevogwnuwhyrdpj.supabase.co/rest/v1/nnn_lookup?select=id&diagnosis=eq.risk+for+urge+urinary+incontinence "HTTP/2 200 OK"
2025-10-03 14:41:01,611 - INFO - HTTP Request: POST https://dheowcevogwnuwhyrdpj.supabase.co/rest/v1/nnn_lookup "HTTP/2 201 Created"
2025-10-03 14:41:01,897 - INFO - HTTP Request: GET https://dheowcevogwnuwhyrdpj.supabase.co/rest/v1/nnn_lookup?select=id&diagnosis=eq.disorganized+infant+behavior "HTTP/2 200 OK"
2025-10-03 14:41:02,593 - INFO - HTTP Request: POST https://dheowcevogwnuwhyrdpj.supabase.co/rest/v1/nnn_lookup "HTTP/2 201 Created"
2025-10-03 14:41:02,891 - INFO - HTTP Request: GET https://dheowcevogwnuwhyrdpj.supabase.co/rest/v1/nnn_lookup?select=id&diagnosis=eq.readiness+for+enhanced+organized+infant+behavior "HTTP/2 200 OK"
2025-10-03 14:41:03,570 - INFO - HTTP Request: POST https://dheowcevogwnuwhyrdpj.supabase.co/rest/v1/nnn_lookup "HTTP/2 201 Created"
2025-10-03 14:41:03,853 - INFO - HTTP Request: GET https://dheowcevogwnuwhyrdpj.supabase.co/rest/v1/nnn_lookup?select=id&diagnosis=eq.risk+for+disorganized+infant+behavior "HTTP/2 200 OK"
2025-10-03 14:41:04,524 - INFO - HTTP Request: POST https://dheowcevogwnuwhyrdpj.supabase.co/rest/v1/nnn_lookup "HTTP/2 201 Created"
2025-10-03 14:41:04,807 - INFO - HTTP Request: GET https://dheowcevogwnuwhyrdpj.supabase.co/rest/v1/nnn_lookup?select=id&diagnosis=eq.risk+for+infection "HTTP/2 200 OK"
2025-10-03 14:41:05,494 - INFO - HTTP Request: POST https://dheowcevogwnuwhyrdpj.supabase.co/rest/v1/nnn_lookup "HTTP/2 201 Created"
2025-10-03 14:41:05,774 - INFO - HTTP Request: GET https://dheowcevogwnuwhyrdpj.supabase.co/rest/v1/nnn_lookup?select=id&diagnosis=eq.risk+for+surgical+site+infection "HTTP/2 200 OK"
2025-10-03 14:41:06,458 - INFO - HTTP Request: POST https://dheowcevogwnuwhyrdpj.supabase.co/rest/v1/nnn_lookup "HTTP/2 201 Created"
2025-10-03 14:41:06,741 - INFO - HTTP Request: GET https://dheowcevogwnuwhyrdpj.supabase.co/rest/v1/nnn_lookup?select=id&diagnosis=eq.risk+for+injury "HTTP/2 200 OK"
2025-10-03 14:41:07,410 - INFO - HTTP Request: POST https://dheowcevogwnuwhyrdpj.supabase.co/rest/v1/nnn_lookup "HTTP/2 201 Created"
2025-10-03 14:41:07,691 - INFO - HTTP Request: GET https://dheowcevogwnuwhyrdpj.supabase.co/rest/v1/nnn_lookup?select=id&diagnosis=eq.risk+for+corneal+injury "HTTP/2 200 OK"
2025-10-03 14:41:08,334 - INFO - HTTP Request: POST https://dheowcevogwnuwhyrdpj.supabase.co/rest/v1/nnn_lookup "HTTP/2 201 Created"
2025-10-03 14:41:08,613 - INFO - HTTP Request: GET https://dheowcevogwnuwhyrdpj.supabase.co/rest/v1/nnn_lookup?select=id&diagnosis=eq.risk+for+occupational+injury "HTTP/2 200 OK"
2025-10-03 14:41:09,273 - INFO - HTTP Request: POST https://dheowcevogwnuwhyrdpj.supabase.co/rest/v1/nnn_lookup "HTTP/2 201 Created"
2025-10-03 14:41:09,555 - INFO - HTTP Request: GET https://dheowcevogwnuwhyrdpj.supabase.co/rest/v1/nnn_lookup?select=id&diagnosis=eq.nipple-areolar+complex+injury "HTTP/2 200 OK"
2025-10-03 14:41:10,234 - INFO - HTTP Request: POST https://dheowcevogwnuwhyrdpj.supabase.co/rest/v1/nnn_lookup "HTTP/2 201 Created"
2025-10-03 14:41:10,518 - INFO - HTTP Request: GET https://dheowcevogwnuwhyrdpj.supabase.co/rest/v1/nnn_lookup?select=id&diagnosis=eq.risk+for+nipple-areolar+complex+injury "HTTP/2 200 OK"
2025-10-03 14:41:11,161 - INFO - HTTP Request: POST https://dheowcevogwnuwhyrdpj.supabase.co/rest/v1/nnn_lookup "HTTP/2 201 Created"
2025-10-03 14:41:11,447 - INFO - HTTP Request: GET https://dheowcevogwnuwhyrdpj.supabase.co/rest/v1/nnn_lookup?select=id&diagnosis=eq.risk+for+urinary+tract+injury "HTTP/2 200 OK"
2025-10-03 14:41:12,118 - INFO - HTTP Request: POST https://dheowcevogwnuwhyrdpj.supabase.co/rest/v1/nnn_lookup "HTTP/2 201 Created"
2025-10-03 14:41:12,405 - INFO - HTTP Request: GET https://dheowcevogwnuwhyrdpj.supabase.co/rest/v1/nnn_lookup?select=id&diagnosis=eq.insomnia "HTTP/2 200 OK"
2025-10-03 14:41:13,138 - INFO - HTTP Request: POST https://dheowcevogwnuwhyrdpj.supabase.co/rest/v1/nnn_lookup "HTTP/2 201 Created"
2025-10-03 14:41:13,425 - INFO - HTTP Request: GET https://dheowcevogwnuwhyrdpj.supabase.co/rest/v1/nnn_lookup?select=id&diagnosis=eq.deficient+knowledge "HTTP/2 200 OK"
2025-10-03 14:41:14,100 - INFO - HTTP Request: POST https://dheowcevogwnuwhyrdpj.supabase.co/rest/v1/nnn_lookup "HTTP/2 201 Created"
2025-10-03 14:41:14,385 - INFO - HTTP Request: GET https://dheowcevogwnuwhyrdpj.supabase.co/rest/v1/nnn_lookup?select=id&diagnosis=eq.readiness+for+enhanced+knowledge "HTTP/2 200 OK"
2025-10-03 14:41:15,034 - INFO - HTTP Request: POST https://dheowcevogwnuwhyrdpj.supabase.co/rest/v1/nnn_lookup "HTTP/2 201 Created"
2025-10-03 14:41:15,317 - INFO - HTTP Request: GET https://dheowcevogwnuwhyrdpj.supabase.co/rest/v1/nnn_lookup?select=id&diagnosis=eq.risk+for+latex+allergy+reaction "HTTP/2 200 OK"
2025-10-03 14:41:16,015 - INFO - HTTP Request: POST https://dheowcevogwnuwhyrdpj.supabase.co/rest/v1/nnn_lookup "HTTP/2 201 Created"
2025-10-03 14:41:16,296 - INFO - HTTP Request: GET https://dheowcevogwnuwhyrdpj.supabase.co/rest/v1/nnn_lookup?select=id&diagnosis=eq.readiness+for+enhanced+health+literacy "HTTP/2 200 OK"
2025-10-03 14:41:16,978 - INFO - HTTP Request: POST https://dheowcevogwnuwhyrdpj.supabase.co/rest/v1/nnn_lookup "HTTP/2 201 Created"
2025-10-03 14:41:17,270 - INFO - HTTP Request: GET https://dheowcevogwnuwhyrdpj.supabase.co/rest/v1/nnn_lookup?select=id&diagnosis=eq.risk+for+impaired+liver+function "HTTP/2 200 OK"
2025-10-03 14:41:17,925 - INFO - HTTP Request: POST https://dheowcevogwnuwhyrdpj.supabase.co/rest/v1/nnn_lookup "HTTP/2 201 Created"
2025-10-03 14:41:18,208 - INFO - HTTP Request: GET https://dheowcevogwnuwhyrdpj.supabase.co/rest/v1/nnn_lookup?select=id&diagnosis=eq.risk+for+loneliness "HTTP/2 200 OK"
2025-10-03 14:41:18,879 - INFO - HTTP Request: POST https://dheowcevogwnuwhyrdpj.supabase.co/rest/v1/nnn_lookup "HTTP/2 201 Created"
2025-10-03 14:41:19,170 - INFO - HTTP Request: GET https://dheowcevogwnuwhyrdpj.supabase.co/rest/v1/nnn_lookup?select=id&diagnosis=eq.ineffective+lymphedema+self-management "HTTP/2 200 OK"
2025-10-03 14:41:19,866 - INFO - HTTP Request: POST https://dheowcevogwnuwhyrdpj.supabase.co/rest/v1/nnn_lookup "HTTP/2 201 Created"
2025-10-03 14:41:20,147 - INFO - HTTP Request: GET https://dheowcevogwnuwhyrdpj.supabase.co/rest/v1/nnn_lookup?select=id&diagnosis=eq.risk+for+ineffective+lymphedema+self-management "HTTP/2 200 OK"
2025-10-03 14:41:20,793 - INFO - HTTP Request: POST https://dheowcevogwnuwhyrdpj.supabase.co/rest/v1/nnn_lookup "HTTP/2 201 Created"
2025-10-03 14:41:21,089 - INFO - HTTP Request: GET https://dheowcevogwnuwhyrdpj.supabase.co/rest/v1/nnn_lookup?select=id&diagnosis=eq.risk+for+disturbed+maternal-fetal+dyad "HTTP/2 200 OK"
2025-10-03 14:41:21,773 - INFO - HTTP Request: POST https://dheowcevogwnuwhyrdpj.supabase.co/rest/v1/nnn_lookup "HTTP/2 201 Created"
2025-10-03 14:41:22,075 - INFO - HTTP Request: GET https://dheowcevogwnuwhyrdpj.supabase.co/rest/v1/nnn_lookup?select=id&diagnosis=eq.impaired+memory "HTTP/2 200 OK"
2025-10-03 14:41:22,757 - INFO - HTTP Request: POST https://dheowcevogwnuwhyrdpj.supabase.co/rest/v1/nnn_lookup "HTTP/2 201 Created"
2025-10-03 14:41:23,041 - INFO - HTTP Request: GET https://dheowcevogwnuwhyrdpj.supabase.co/rest/v1/nnn_lookup?select=id&diagnosis=eq.risk+for+metabolic+syndrome "HTTP/2 200 OK"
2025-10-03 14:41:23,741 - INFO - HTTP Request: POST https://dheowcevogwnuwhyrdpj.supabase.co/rest/v1/nnn_lookup "HTTP/2 201 Created"
2025-10-03 14:41:24,018 - INFO - HTTP Request: GET https://dheowcevogwnuwhyrdpj.supabase.co/rest/v1/nnn_lookup?select=id&diagnosis=eq.impaired+bed+mobility "HTTP/2 200 OK"
2025-10-03 14:41:24,690 - INFO - HTTP Request: POST https://dheowcevogwnuwhyrdpj.supabase.co/rest/v1/nnn_lookup "HTTP/2 201 Created"
2025-10-03 14:41:24,970 - INFO - HTTP Request: GET https://dheowcevogwnuwhyrdpj.supabase.co/rest/v1/nnn_lookup?select=id&diagnosis=eq.impaired+physical+mobility "HTTP/2 200 OK"
2025-10-03 14:41:25,650 - INFO - HTTP Request: POST https://dheowcevogwnuwhyrdpj.supabase.co/rest/v1/nnn_lookup "HTTP/2 201 Created"
2025-10-03 14:41:25,936 - INFO - HTTP Request: GET https://dheowcevogwnuwhyrdpj.supabase.co/rest/v1/nnn_lookup?select=id&diagnosis=eq.impaired+wheelchair+mobility "HTTP/2 200 OK"
2025-10-03 14:41:26,636 - INFO - HTTP Request: POST https://dheowcevogwnuwhyrdpj.supabase.co/rest/v1/nnn_lookup "HTTP/2 201 Created"
2025-10-03 14:41:26,919 - INFO - HTTP Request: GET https://dheowcevogwnuwhyrdpj.supabase.co/rest/v1/nnn_lookup?select=id&diagnosis=eq.impaired+mood+regulation "HTTP/2 200 OK"
2025-10-03 14:41:27,592 - INFO - HTTP Request: POST https://dheowcevogwnuwhyrdpj.supabase.co/rest/v1/nnn_lookup "HTTP/2 201 Created"
2025-10-03 14:41:27,879 - INFO - HTTP Request: GET https://dheowcevogwnuwhyrdpj.supabase.co/rest/v1/nnn_lookup?select=id&diagnosis=eq.moral+distress "HTTP/2 200 OK"
2025-10-03 14:41:28,563 - INFO - HTTP Request: POST https://dheowcevogwnuwhyrdpj.supabase.co/rest/v1/nnn_lookup "HTTP/2 201 Created"
2025-10-03 14:41:28,853 - INFO - HTTP Request: GET https://dheowcevogwnuwhyrdpj.supabase.co/rest/v1/nnn_lookup?select=id&diagnosis=eq.risk+for+dry+mouth "HTTP/2 200 OK"
2025-10-03 14:41:29,537 - INFO - HTTP Request: POST https://dheowcevogwnuwhyrdpj.supabase.co/rest/v1/nnn_lookup "HTTP/2 201 Created"
2025-10-03 14:41:29,827 - INFO - HTTP Request: GET https://dheowcevogwnuwhyrdpj.supabase.co/rest/v1/nnn_lookup?select=id&diagnosis=eq.nausea "HTTP/2 200 OK"
2025-10-03 14:41:30,504 - INFO - HTTP Request: POST https://dheowcevogwnuwhyrdpj.supabase.co/rest/v1/nnn_lookup "HTTP/2 201 Created"
2025-10-03 14:41:30,794 - INFO - HTTP Request: GET https://dheowcevogwnuwhyrdpj.supabase.co/rest/v1/nnn_lookup?select=id&diagnosis=eq.neonatal+abstinence+syndrome "HTTP/2 200 OK"
2025-10-03 14:41:31,455 - INFO - HTTP Request: POST https://dheowcevogwnuwhyrdpj.supabase.co/rest/v1/nnn_lookup "HTTP/2 201 Created"
2025-10-03 14:41:31,747 - INFO - HTTP Request: GET https://dheowcevogwnuwhyrdpj.supabase.co/rest/v1/nnn_lookup?select=id&diagnosis=eq.readiness+for+enhanced+nutrition "HTTP/2 200 OK"
2025-10-03 14:41:32,407 - INFO - HTTP Request: POST https://dheowcevogwnuwhyrdpj.supabase.co/rest/v1/nnn_lookup "HTTP/2 201 Created"
2025-10-03 14:41:32,699 - INFO - HTTP Request: GET https://dheowcevogwnuwhyrdpj.supabase.co/rest/v1/nnn_lookup?select=id&diagnosis=eq.imbalanced+nutrition%3A+less+than+body+requirements "HTTP/2 200 OK"
2025-10-03 14:41:33,367 - INFO - HTTP Request: POST https://dheowcevogwnuwhyrdpj.supabase.co/rest/v1/nnn_lookup "HTTP/2 201 Created"
2025-10-03 14:41:33,666 - INFO - HTTP Request: GET https://dheowcevogwnuwhyrdpj.supabase.co/rest/v1/nnn_lookup?select=id&diagnosis=eq.impaired+oral+mucous+membrane+integrity "HTTP/2 200 OK"
2025-10-03 14:41:34,323 - INFO - HTTP Request: POST https://dheowcevogwnuwhyrdpj.supabase.co/rest/v1/nnn_lookup "HTTP/2 201 Created"
2025-10-03 14:41:34,619 - INFO - HTTP Request: GET https://dheowcevogwnuwhyrdpj.supabase.co/rest/v1/nnn_lookup?select=id&diagnosis=eq.risk+for+impaired+oral+mucous+membrane+integrity "HTTP/2 200 OK"
2025-10-03 14:41:35,339 - INFO - HTTP Request: POST https://dheowcevogwnuwhyrdpj.supabase.co/rest/v1/nnn_lookup "HTTP/2 201 Created"
2025-10-03 14:41:35,627 - INFO - HTTP Request: GET https://dheowcevogwnuwhyrdpj.supabase.co/rest/v1/nnn_lookup?select=id&diagnosis=eq.obesity "HTTP/2 200 OK"
2025-10-03 14:41:36,319 - INFO - HTTP Request: POST https://dheowcevogwnuwhyrdpj.supabase.co/rest/v1/nnn_lookup "HTTP/2 201 Created"
2025-10-03 14:41:36,604 - INFO - HTTP Request: GET https://dheowcevogwnuwhyrdpj.supabase.co/rest/v1/nnn_lookup?select=id&diagnosis=eq.overweight "HTTP/2 200 OK"
2025-10-03 14:41:37,254 - INFO - HTTP Request: POST https://dheowcevogwnuwhyrdpj.supabase.co/rest/v1/nnn_lookup "HTTP/2 201 Created"
2025-10-03 14:41:37,541 - INFO - HTTP Request: GET https://dheowcevogwnuwhyrdpj.supabase.co/rest/v1/nnn_lookup?select=id&diagnosis=eq.risk+for+overweight "HTTP/2 200 OK"
2025-10-03 14:41:38,221 - INFO - HTTP Request: POST https://dheowcevogwnuwhyrdpj.supabase.co/rest/v1/nnn_lookup "HTTP/2 201 Created"
2025-10-03 14:41:38,532 - INFO - HTTP Request: GET https://dheowcevogwnuwhyrdpj.supabase.co/rest/v1/nnn_lookup?select=id&diagnosis=eq.acute+pain "HTTP/2 200 OK"
2025-10-03 14:41:39,216 - INFO - HTTP Request: POST https://dheowcevogwnuwhyrdpj.supabase.co/rest/v1/nnn_lookup "HTTP/2 201 Created"
2025-10-03 14:41:39,507 - INFO - HTTP Request: GET https://dheowcevogwnuwhyrdpj.supabase.co/rest/v1/nnn_lookup?select=id&diagnosis=eq.chronic+pain "HTTP/2 200 OK"
2025-10-03 14:41:40,174 - INFO - HTTP Request: POST https://dheowcevogwnuwhyrdpj.supabase.co/rest/v1/nnn_lookup "HTTP/2 201 Created"
2025-10-03 14:41:40,479 - INFO - HTTP Request: GET https://dheowcevogwnuwhyrdpj.supabase.co/rest/v1/nnn_lookup?select=id&diagnosis=eq.chronic+pain+syndrome "HTTP/2 200 OK"
2025-10-03 14:41:41,144 - INFO - HTTP Request: POST https://dheowcevogwnuwhyrdpj.supabase.co/rest/v1/nnn_lookup "HTTP/2 201 Created"
2025-10-03 14:41:41,440 - INFO - HTTP Request: GET https://dheowcevogwnuwhyrdpj.supabase.co/rest/v1/nnn_lookup?select=id&diagnosis=eq.labor+pain "HTTP/2 200 OK"
2025-10-03 14:41:42,124 - INFO - HTTP Request: POST https://dheowcevogwnuwhyrdpj.supabase.co/rest/v1/nnn_lookup "HTTP/2 201 Created"
2025-10-03 14:41:42,408 - INFO - HTTP Request: GET https://dheowcevogwnuwhyrdpj.supabase.co/rest/v1/nnn_lookup?select=id&diagnosis=eq.impaired+parenting "HTTP/2 200 OK"
2025-10-03 14:41:43,125 - INFO - HTTP Request: POST https://dheowcevogwnuwhyrdpj.supabase.co/rest/v1/nnn_lookup "HTTP/2 201 Created"
2025-10-03 14:41:43,422 - INFO - HTTP Request: GET https://dheowcevogwnuwhyrdpj.supabase.co/rest/v1/nnn_lookup?select=id&diagnosis=eq.readiness+for+enhanced+parenting "HTTP/2 200 OK"
2025-10-03 14:41:44,093 - INFO - HTTP Request: POST https://dheowcevogwnuwhyrdpj.supabase.co/rest/v1/nnn_lookup "HTTP/2 201 Created"
2025-10-03 14:41:44,404 - INFO - HTTP Request: GET https://dheowcevogwnuwhyrdpj.supabase.co/rest/v1/nnn_lookup?select=id&diagnosis=eq.risk+for+impaired+parenting "HTTP/2 200 OK"
2025-10-03 14:41:45,066 - INFO - HTTP Request: POST https://dheowcevogwnuwhyrdpj.supabase.co/rest/v1/nnn_lookup "HTTP/2 201 Created"
2025-10-03 14:41:45,350 - INFO - HTTP Request: GET https://dheowcevogwnuwhyrdpj.supabase.co/rest/v1/nnn_lookup?select=id&diagnosis=eq.risk+for+perioperative+positioning+injury "HTTP/2 200 OK"
2025-10-03 14:41:46,039 - INFO - HTTP Request: POST https://dheowcevogwnuwhyrdpj.supabase.co/rest/v1/nnn_lookup "HTTP/2 201 Created"
2025-10-03 14:41:46,326 - INFO - HTTP Request: GET https://dheowcevogwnuwhyrdpj.supabase.co/rest/v1/nnn_lookup?select=id&diagnosis=eq.risk+for+peripheral+neurovascular+dysfunction "HTTP/2 200 OK"
2025-10-03 14:41:46,990 - INFO - HTTP Request: POST https://dheowcevogwnuwhyrdpj.supabase.co/rest/v1/nnn_lookup "HTTP/2 201 Created"
2025-10-03 14:41:47,284 - INFO - HTTP Request: GET https://dheowcevogwnuwhyrdpj.supabase.co/rest/v1/nnn_lookup?select=id&diagnosis=eq.risk+for+poisoning "HTTP/2 200 OK"
2025-10-03 14:41:47,941 - INFO - HTTP Request: POST https://dheowcevogwnuwhyrdpj.supabase.co/rest/v1/nnn_lookup "HTTP/2 201 Created"
2025-10-03 14:41:48,229 - INFO - HTTP Request: GET https://dheowcevogwnuwhyrdpj.supabase.co/rest/v1/nnn_lookup?select=id&diagnosis=eq.post-trauma+syndrome "HTTP/2 200 OK"
2025-10-03 14:41:48,920 - INFO - HTTP Request: POST https://dheowcevogwnuwhyrdpj.supabase.co/rest/v1/nnn_lookup "HTTP/2 201 Created"
2025-10-03 14:41:49,202 - INFO - HTTP Request: GET https://dheowcevogwnuwhyrdpj.supabase.co/rest/v1/nnn_lookup?select=id&diagnosis=eq.risk+for+post-trauma+syndrome "HTTP/2 200 OK"
2025-10-03 14:41:49,942 - INFO - HTTP Request: POST https://dheowcevogwnuwhyrdpj.supabase.co/rest/v1/nnn_lookup "HTTP/2 201 Created"
2025-10-03 14:41:50,227 - INFO - HTTP Request: GET https://dheowcevogwnuwhyrdpj.supabase.co/rest/v1/nnn_lookup?select=id&diagnosis=eq.readiness+for+enhanced+power "HTTP/2 200 OK"
2025-10-03 14:41:50,926 - INFO - HTTP Request: POST https://dheowcevogwnuwhyrdpj.supabase.co/rest/v1/nnn_lookup "HTTP/2 201 Created"
2025-10-03 14:41:51,219 - INFO - HTTP Request: GET https://dheowcevogwnuwhyrdpj.supabase.co/rest/v1/nnn_lookup?select=id&diagnosis=eq.powerlessness "HTTP/2 200 OK"
2025-10-03 14:41:51,890 - INFO - HTTP Request: POST https://dheowcevogwnuwhyrdpj.supabase.co/rest/v1/nnn_lookup "HTTP/2 201 Created"
2025-10-03 14:41:52,187 - INFO - HTTP Request: GET https://dheowcevogwnuwhyrdpj.supabase.co/rest/v1/nnn_lookup?select=id&diagnosis=eq.risk+for+powerlessness "HTTP/2 200 OK"
2025-10-03 14:41:52,851 - INFO - HTTP Request: POST https://dheowcevogwnuwhyrdpj.supabase.co/rest/v1/nnn_lookup "HTTP/2 201 Created"
2025-10-03 14:41:53,139 - INFO - HTTP Request: GET https://dheowcevogwnuwhyrdpj.supabase.co/rest/v1/nnn_lookup?select=id&diagnosis=eq.adult+pressure+injury "HTTP/2 200 OK"
2025-10-03 14:41:53,812 - INFO - HTTP Request: POST https://dheowcevogwnuwhyrdpj.supabase.co/rest/v1/nnn_lookup "HTTP/2 201 Created"
2025-10-03 14:41:54,099 - INFO - HTTP Request: GET https://dheowcevogwnuwhyrdpj.supabase.co/rest/v1/nnn_lookup?select=id&diagnosis=eq.risk+for+adult+pressure+injury "HTTP/2 200 OK"
2025-10-03 14:41:54,769 - INFO - HTTP Request: POST https://dheowcevogwnuwhyrdpj.supabase.co/rest/v1/nnn_lookup "HTTP/2 201 Created"
2025-10-03 14:41:55,069 - INFO - HTTP Request: GET https://dheowcevogwnuwhyrdpj.supabase.co/rest/v1/nnn_lookup?select=id&diagnosis=eq.child+pressure+injury "HTTP/2 200 OK"
2025-10-03 14:41:55,763 - INFO - HTTP Request: POST https://dheowcevogwnuwhyrdpj.supabase.co/rest/v1/nnn_lookup "HTTP/2 201 Created"
2025-10-03 14:41:56,055 - INFO - HTTP Request: GET https://dheowcevogwnuwhyrdpj.supabase.co/rest/v1/nnn_lookup?select=id&diagnosis=eq.risk+for+child+pressure+injury "HTTP/2 200 OK"
2025-10-03 14:41:56,765 - INFO - HTTP Request: POST https://dheowcevogwnuwhyrdpj.supabase.co/rest/v1/nnn_lookup "HTTP/2 201 Created"
2025-10-03 14:41:57,052 - INFO - HTTP Request: GET https://dheowcevogwnuwhyrdpj.supabase.co/rest/v1/nnn_lookup?select=id&diagnosis=eq.neonatal+pressure+injury "HTTP/2 200 OK"
2025-10-03 14:41:57,752 - INFO - HTTP Request: POST https://dheowcevogwnuwhyrdpj.supabase.co/rest/v1/nnn_lookup "HTTP/2 201 Created"
2025-10-03 14:41:58,035 - INFO - HTTP Request: GET https://dheowcevogwnuwhyrdpj.supabase.co/rest/v1/nnn_lookup?select=id&diagnosis=eq.risk+for+neonatal+pressure+injury "HTTP/2 200 OK"
2025-10-03 14:41:58,714 - INFO - HTTP Request: POST https://dheowcevogwnuwhyrdpj.supabase.co/rest/v1/nnn_lookup "HTTP/2 201 Created"
2025-10-03 14:41:59,003 - INFO - HTTP Request: GET https://dheowcevogwnuwhyrdpj.supabase.co/rest/v1/nnn_lookup?select=id&diagnosis=eq.ineffective+protection "HTTP/2 200 OK"
2025-10-03 14:41:59,693 - INFO - HTTP Request: POST https://dheowcevogwnuwhyrdpj.supabase.co/rest/v1/nnn_lookup "HTTP/2 201 Created"
2025-10-03 14:41:59,979 - INFO - HTTP Request: GET https://dheowcevogwnuwhyrdpj.supabase.co/rest/v1/nnn_lookup?select=id&diagnosis=eq.rape-trauma+syndrome "HTTP/2 200 OK"
2025-10-03 14:42:00,664 - INFO - HTTP Request: POST https://dheowcevogwnuwhyrdpj.supabase.co/rest/v1/nnn_lookup "HTTP/2 201 Created"
2025-10-03 14:42:00,951 - INFO - HTTP Request: GET https://dheowcevogwnuwhyrdpj.supabase.co/rest/v1/nnn_lookup?select=id&diagnosis=eq.ineffective+relationship "HTTP/2 200 OK"
2025-10-03 14:42:01,645 - INFO - HTTP Request: POST https://dheowcevogwnuwhyrdpj.supabase.co/rest/v1/nnn_lookup "HTTP/2 201 Created"
2025-10-03 14:42:01,935 - INFO - HTTP Request: GET https://dheowcevogwnuwhyrdpj.supabase.co/rest/v1/nnn_lookup?select=id&diagnosis=eq.readiness+for+enhanced+relationship "HTTP/2 200 OK"
2025-10-03 14:42:02,610 - INFO - HTTP Request: POST https://dheowcevogwnuwhyrdpj.supabase.co/rest/v1/nnn_lookup "HTTP/2 201 Created"
2025-10-03 14:42:02,898 - INFO - HTTP Request: GET https://dheowcevogwnuwhyrdpj.supabase.co/rest/v1/nnn_lookup?select=id&diagnosis=eq.risk+for+ineffective+relationship "HTTP/2 200 OK"
2025-10-03 14:42:03,581 - INFO - HTTP Request: POST https://dheowcevogwnuwhyrdpj.supabase.co/rest/v1/nnn_lookup "HTTP/2 201 Created"
2025-10-03 14:42:03,870 - INFO - HTTP Request: GET https://dheowcevogwnuwhyrdpj.supabase.co/rest/v1/nnn_lookup?select=id&diagnosis=eq.impaired+religiosity "HTTP/2 200 OK"
2025-10-03 14:42:04,527 - INFO - HTTP Request: POST https://dheowcevogwnuwhyrdpj.supabase.co/rest/v1/nnn_lookup "HTTP/2 201 Created"
2025-10-03 14:42:04,818 - INFO - HTTP Request: GET https://dheowcevogwnuwhyrdpj.supabase.co/rest/v1/nnn_lookup?select=id&diagnosis=eq.readiness+for+enhanced+religiosity "HTTP/2 200 OK"
2025-10-03 14:42:05,521 - INFO - HTTP Request: POST https://dheowcevogwnuwhyrdpj.supabase.co/rest/v1/nnn_lookup "HTTP/2 201 Created"
2025-10-03 14:42:05,816 - INFO - HTTP Request: GET https://dheowcevogwnuwhyrdpj.supabase.co/rest/v1/nnn_lookup?select=id&diagnosis=eq.risk+for+impaired+religiosity "HTTP/2 200 OK"
2025-10-03 14:42:06,477 - INFO - HTTP Request: POST https://dheowcevogwnuwhyrdpj.supabase.co/rest/v1/nnn_lookup "HTTP/2 201 Created"
2025-10-03 14:42:06,765 - INFO - HTTP Request: GET https://dheowcevogwnuwhyrdpj.supabase.co/rest/v1/nnn_lookup?select=id&diagnosis=eq.relocation+stress+syndrome "HTTP/2 200 OK"
2025-10-03 14:42:07,441 - INFO - HTTP Request: POST https://dheowcevogwnuwhyrdpj.supabase.co/rest/v1/nnn_lookup "HTTP/2 201 Created"
2025-10-03 14:42:07,726 - INFO - HTTP Request: GET https://dheowcevogwnuwhyrdpj.supabase.co/rest/v1/nnn_lookup?select=id&diagnosis=eq.risk+for+relocation+stress+syndrome "HTTP/2 200 OK"
2025-10-03 14:42:08,400 - INFO - HTTP Request: POST https://dheowcevogwnuwhyrdpj.supabase.co/rest/v1/nnn_lookup "HTTP/2 201 Created"
2025-10-03 14:42:08,713 - INFO - HTTP Request: GET https://dheowcevogwnuwhyrdpj.supabase.co/rest/v1/nnn_lookup?select=id&diagnosis=eq.impaired+resilience "HTTP/2 200 OK"
2025-10-03 14:42:09,382 - INFO - HTTP Request: POST https://dheowcevogwnuwhyrdpj.supabase.co/rest/v1/nnn_lookup "HTTP/2 201 Created"
2025-10-03 14:42:09,668 - INFO - HTTP Request: GET https://dheowcevogwnuwhyrdpj.supabase.co/rest/v1/nnn_lookup?select=id&diagnosis=eq.readiness+for+enhanced+resilience "HTTP/2 200 OK"
2025-10-03 14:42:10,478 - INFO - HTTP Request: POST https://dheowcevogwnuwhyrdpj.supabase.co/rest/v1/nnn_lookup "HTTP/2 201 Created"
2025-10-03 14:42:10,770 - INFO - HTTP Request: GET https://dheowcevogwnuwhyrdpj.supabase.co/rest/v1/nnn_lookup?select=id&diagnosis=eq.risk+for+impaired+resilience "HTTP/2 200 OK"
2025-10-03 14:42:11,465 - INFO - HTTP Request: POST https://dheowcevogwnuwhyrdpj.supabase.co/rest/v1/nnn_lookup "HTTP/2 201 Created"
2025-10-03 14:42:11,751 - INFO - HTTP Request: GET https://dheowcevogwnuwhyrdpj.supabase.co/rest/v1/nnn_lookup?select=id&diagnosis=eq.parental+role+conflict "HTTP/2 200 OK"
2025-10-03 14:42:12,419 - INFO - HTTP Request: POST https://dheowcevogwnuwhyrdpj.supabase.co/rest/v1/nnn_lookup "HTTP/2 201 Created"
2025-10-03 14:42:12,737 - INFO - HTTP Request: GET https://dheowcevogwnuwhyrdpj.supabase.co/rest/v1/nnn_lookup?select=id&diagnosis=eq.ineffective+role+performance "HTTP/2 200 OK"
2025-10-03 14:42:13,435 - INFO - HTTP Request: POST https://dheowcevogwnuwhyrdpj.supabase.co/rest/v1/nnn_lookup "HTTP/2 201 Created"
2025-10-03 14:42:13,728 - INFO - HTTP Request: GET https://dheowcevogwnuwhyrdpj.supabase.co/rest/v1/nnn_lookup?select=id&diagnosis=eq.sedentary+lifestyle "HTTP/2 200 OK"
2025-10-03 14:42:14,405 - INFO - HTTP Request: POST https://dheowcevogwnuwhyrdpj.supabase.co/rest/v1/nnn_lookup "HTTP/2 201 Created"
2025-10-03 14:42:14,761 - INFO - HTTP Request: GET https://dheowcevogwnuwhyrdpj.supabase.co/rest/v1/nnn_lookup?select=id&diagnosis=eq.readiness+for+enhanced+self-care "HTTP/2 200 OK"
2025-10-03 14:42:15,446 - INFO - HTTP Request: POST https://dheowcevogwnuwhyrdpj.supabase.co/rest/v1/nnn_lookup "HTTP/2 201 Created"
2025-10-03 14:42:15,737 - INFO - HTTP Request: GET https://dheowcevogwnuwhyrdpj.supabase.co/rest/v1/nnn_lookup?select=id&diagnosis=eq.bathing+self-care+deficit "HTTP/2 200 OK"
2025-10-03 14:42:16,432 - INFO - HTTP Request: POST https://dheowcevogwnuwhyrdpj.supabase.co/rest/v1/nnn_lookup "HTTP/2 201 Created"
2025-10-03 14:42:16,716 - INFO - HTTP Request: GET https://dheowcevogwnuwhyrdpj.supabase.co/rest/v1/nnn_lookup?select=id&diagnosis=eq.dressing+self-care+deficit "HTTP/2 200 OK"
2025-10-03 14:42:17,409 - INFO - HTTP Request: POST https://dheowcevogwnuwhyrdpj.supabase.co/rest/v1/nnn_lookup "HTTP/2 201 Created"
2025-10-03 14:42:17,696 - INFO - HTTP Request: GET https://dheowcevogwnuwhyrdpj.supabase.co/rest/v1/nnn_lookup?select=id&diagnosis=eq.feeding+self-care+deficit "HTTP/2 200 OK"
2025-10-03 14:42:18,380 - INFO - HTTP Request: POST https://dheowcevogwnuwhyrdpj.supabase.co/rest/v1/nnn_lookup "HTTP/2 201 Created"
2025-10-03 14:42:18,664 - INFO - HTTP Request: GET https://dheowcevogwnuwhyrdpj.supabase.co/rest/v1/nnn_lookup?select=id&diagnosis=eq.toileting+self-care+deficit "HTTP/2 200 OK"
2025-10-03 14:42:19,331 - INFO - HTTP Request: POST https://dheowcevogwnuwhyrdpj.supabase.co/rest/v1/nnn_lookup "HTTP/2 201 Created"
2025-10-03 14:42:19,621 - INFO - HTTP Request: GET https://dheowcevogwnuwhyrdpj.supabase.co/rest/v1/nnn_lookup?select=id&diagnosis=eq.readiness+for+enhanced+self-concept "HTTP/2 200 OK"
2025-10-03 14:42:20,298 - INFO - HTTP Request: POST https://dheowcevogwnuwhyrdpj.supabase.co/rest/v1/nnn_lookup "HTTP/2 201 Created"
2025-10-03 14:42:20,793 - INFO - HTTP Request: GET https://dheowcevogwnuwhyrdpj.supabase.co/rest/v1/nnn_lookup?select=id&diagnosis=eq.chronic+low+self-esteem "HTTP/2 200 OK"
2025-10-03 14:42:21,564 - INFO - HTTP Request: POST https://dheowcevogwnuwhyrdpj.supabase.co/rest/v1/nnn_lookup "HTTP/2 201 Created"
2025-10-03 14:42:21,849 - INFO - HTTP Request: GET https://dheowcevogwnuwhyrdpj.supabase.co/rest/v1/nnn_lookup?select=id&diagnosis=eq.situational+low+self-esteem "HTTP/2 200 OK"
2025-10-03 14:42:22,559 - INFO - HTTP Request: POST https://dheowcevogwnuwhyrdpj.supabase.co/rest/v1/nnn_lookup "HTTP/2 201 Created"
2025-10-03 14:42:22,845 - INFO - HTTP Request: GET https://dheowcevogwnuwhyrdpj.supabase.co/rest/v1/nnn_lookup?select=id&diagnosis=eq.risk+for+chronic+low+self-esteem "HTTP/2 200 OK"
2025-10-03 14:42:23,525 - INFO - HTTP Request: POST https://dheowcevogwnuwhyrdpj.supabase.co/rest/v1/nnn_lookup "HTTP/2 201 Created"
2025-10-03 14:42:23,805 - INFO - HTTP Request: GET https://dheowcevogwnuwhyrdpj.supabase.co/rest/v1/nnn_lookup?select=id&diagnosis=eq.risk+for+situational+low+self-esteem "HTTP/2 200 OK"
2025-10-03 14:42:24,485 - INFO - HTTP Request: POST https://dheowcevogwnuwhyrdpj.supabase.co/rest/v1/nnn_lookup "HTTP/2 201 Created"
2025-10-03 14:42:24,764 - INFO - HTTP Request: GET https://dheowcevogwnuwhyrdpj.supabase.co/rest/v1/nnn_lookup?select=id&diagnosis=eq.risk+for+self-mutilation "HTTP/2 200 OK"
2025-10-03 14:42:25,439 - INFO - HTTP Request: POST https://dheowcevogwnuwhyrdpj.supabase.co/rest/v1/nnn_lookup "HTTP/2 201 Created"
2025-10-03 14:42:25,719 - INFO - HTTP Request: GET https://dheowcevogwnuwhyrdpj.supabase.co/rest/v1/nnn_lookup?select=id&diagnosis=eq.self-mutilation "HTTP/2 200 OK"
2025-10-03 14:42:26,378 - INFO - HTTP Request: POST https://dheowcevogwnuwhyrdpj.supabase.co/rest/v1/nnn_lookup "HTTP/2 201 Created"
2025-10-03 14:42:26,663 - INFO - HTTP Request: GET https://dheowcevogwnuwhyrdpj.supabase.co/rest/v1/nnn_lookup?select=id&diagnosis=eq.self-neglect "HTTP/2 200 OK"
2025-10-03 14:42:27,330 - INFO - HTTP Request: POST https://dheowcevogwnuwhyrdpj.supabase.co/rest/v1/nnn_lookup "HTTP/2 201 Created"
2025-10-03 14:42:27,619 - INFO - HTTP Request: GET https://dheowcevogwnuwhyrdpj.supabase.co/rest/v1/nnn_lookup?select=id&diagnosis=eq.sexual+dysfunction "HTTP/2 200 OK"
2025-10-03 14:42:28,299 - INFO - HTTP Request: POST https://dheowcevogwnuwhyrdpj.supabase.co/rest/v1/nnn_lookup "HTTP/2 201 Created"
2025-10-03 14:42:28,590 - INFO - HTTP Request: GET https://dheowcevogwnuwhyrdpj.supabase.co/rest/v1/nnn_lookup?select=id&diagnosis=eq.ineffective+sexuality+pattern "HTTP/2 200 OK"
2025-10-03 14:42:29,238 - INFO - HTTP Request: POST https://dheowcevogwnuwhyrdpj.supabase.co/rest/v1/nnn_lookup "HTTP/2 201 Created"
2025-10-03 14:42:29,519 - INFO - HTTP Request: GET https://dheowcevogwnuwhyrdpj.supabase.co/rest/v1/nnn_lookup?select=id&diagnosis=eq.risk+for+shock "HTTP/2 200 OK"
2025-10-03 14:42:30,197 - INFO - HTTP Request: POST https://dheowcevogwnuwhyrdpj.supabase.co/rest/v1/nnn_lookup "HTTP/2 201 Created"
2025-10-03 14:42:30,484 - INFO - HTTP Request: GET https://dheowcevogwnuwhyrdpj.supabase.co/rest/v1/nnn_lookup?select=id&diagnosis=eq.impaired+sitting "HTTP/2 200 OK"
2025-10-03 14:42:31,150 - INFO - HTTP Request: POST https://dheowcevogwnuwhyrdpj.supabase.co/rest/v1/nnn_lookup "HTTP/2 201 Created"
2025-10-03 14:42:31,435 - INFO - HTTP Request: GET https://dheowcevogwnuwhyrdpj.supabase.co/rest/v1/nnn_lookup?select=id&diagnosis=eq.impaired+skin+integrity "HTTP/2 200 OK"
2025-10-03 14:42:32,143 - INFO - HTTP Request: POST https://dheowcevogwnuwhyrdpj.supabase.co/rest/v1/nnn_lookup "HTTP/2 201 Created"
2025-10-03 14:42:32,425 - INFO - HTTP Request: GET https://dheowcevogwnuwhyrdpj.supabase.co/rest/v1/nnn_lookup?select=id&diagnosis=eq.risk+for+impaired+skin+integrity "HTTP/2 200 OK"
2025-10-03 14:42:33,085 - INFO - HTTP Request: POST https://dheowcevogwnuwhyrdpj.supabase.co/rest/v1/nnn_lookup "HTTP/2 201 Created"
2025-10-03 14:42:33,366 - INFO - HTTP Request: GET https://dheowcevogwnuwhyrdpj.supabase.co/rest/v1/nnn_lookup?select=id&diagnosis=eq.sleep+deprivation "HTTP/2 200 OK"
2025-10-03 14:42:34,043 - INFO - HTTP Request: POST https://dheowcevogwnuwhyrdpj.supabase.co/rest/v1/nnn_lookup "HTTP/2 201 Created"
2025-10-03 14:42:34,326 - INFO - HTTP Request: GET https://dheowcevogwnuwhyrdpj.supabase.co/rest/v1/nnn_lookup?select=id&diagnosis=eq.readiness+for+enhanced+sleep "HTTP/2 200 OK"
2025-10-03 14:42:34,993 - INFO - HTTP Request: POST https://dheowcevogwnuwhyrdpj.supabase.co/rest/v1/nnn_lookup "HTTP/2 201 Created"
2025-10-03 14:42:35,276 - INFO - HTTP Request: GET https://dheowcevogwnuwhyrdpj.supabase.co/rest/v1/nnn_lookup?select=id&diagnosis=eq.disturbed+sleep+pattern "HTTP/2 200 OK"
2025-10-03 14:42:35,952 - INFO - HTTP Request: POST https://dheowcevogwnuwhyrdpj.supabase.co/rest/v1/nnn_lookup "HTTP/2 201 Created"
2025-10-03 14:42:36,234 - INFO - HTTP Request: GET https://dheowcevogwnuwhyrdpj.supabase.co/rest/v1/nnn_lookup?select=id&diagnosis=eq.impaired+social+interaction "HTTP/2 200 OK"
2025-10-03 14:42:36,883 - INFO - HTTP Request: POST https://dheowcevogwnuwhyrdpj.supabase.co/rest/v1/nnn_lookup "HTTP/2 201 Created"
2025-10-03 14:42:37,170 - INFO - HTTP Request: GET https://dheowcevogwnuwhyrdpj.supabase.co/rest/v1/nnn_lookup?select=id&diagnosis=eq.social+isolation "HTTP/2 200 OK"
2025-10-03 14:42:37,848 - INFO - HTTP Request: POST https://dheowcevogwnuwhyrdpj.supabase.co/rest/v1/nnn_lookup "HTTP/2 201 Created"
2025-10-03 14:42:38,130 - INFO - HTTP Request: GET https://dheowcevogwnuwhyrdpj.supabase.co/rest/v1/nnn_lookup?select=id&diagnosis=eq.chronic+sorrow "HTTP/2 200 OK"
2025-10-03 14:42:38,926 - INFO - HTTP Request: POST https://dheowcevogwnuwhyrdpj.supabase.co/rest/v1/nnn_lookup "HTTP/2 201 Created"
2025-10-03 14:42:39,212 - INFO - HTTP Request: GET https://dheowcevogwnuwhyrdpj.supabase.co/rest/v1/nnn_lookup?select=id&diagnosis=eq.spiritual+distress "HTTP/2 200 OK"
2025-10-03 14:42:39,922 - INFO - HTTP Request: POST https://dheowcevogwnuwhyrdpj.supabase.co/rest/v1/nnn_lookup "HTTP/2 201 Created"
2025-10-03 14:42:40,207 - INFO - HTTP Request: GET https://dheowcevogwnuwhyrdpj.supabase.co/rest/v1/nnn_lookup?select=id&diagnosis=eq.risk+for+spiritual+distress "HTTP/2 200 OK"
2025-10-03 14:42:40,874 - INFO - HTTP Request: POST https://dheowcevogwnuwhyrdpj.supabase.co/rest/v1/nnn_lookup "HTTP/2 201 Created"
2025-10-03 14:42:41,167 - INFO - HTTP Request: GET https://dheowcevogwnuwhyrdpj.supabase.co/rest/v1/nnn_lookup?select=id&diagnosis=eq.readiness+for+enhanced+spiritual+well-being "HTTP/2 200 OK"
2025-10-03 14:42:41,836 - INFO - HTTP Request: POST https://dheowcevogwnuwhyrdpj.supabase.co/rest/v1/nnn_lookup "HTTP/2 201 Created"
2025-10-03 14:42:42,115 - INFO - HTTP Request: GET https://dheowcevogwnuwhyrdpj.supabase.co/rest/v1/nnn_lookup?select=id&diagnosis=eq.impaired+standing "HTTP/2 200 OK"
2025-10-03 14:42:42,784 - INFO - HTTP Request: POST https://dheowcevogwnuwhyrdpj.supabase.co/rest/v1/nnn_lookup "HTTP/2 201 Created"
2025-10-03 14:42:43,065 - INFO - HTTP Request: GET https://dheowcevogwnuwhyrdpj.supabase.co/rest/v1/nnn_lookup?select=id&diagnosis=eq.stress+overload "HTTP/2 200 OK"
2025-10-03 14:42:43,733 - INFO - HTTP Request: POST https://dheowcevogwnuwhyrdpj.supabase.co/rest/v1/nnn_lookup "HTTP/2 201 Created"
2025-10-03 14:42:44,027 - INFO - HTTP Request: GET https://dheowcevogwnuwhyrdpj.supabase.co/rest/v1/nnn_lookup?select=id&diagnosis=eq.acute+substance+withdrawal+syndrome "HTTP/2 200 OK"
2025-10-03 14:42:44,708 - INFO - HTTP Request: POST https://dheowcevogwnuwhyrdpj.supabase.co/rest/v1/nnn_lookup "HTTP/2 201 Created"
2025-10-03 14:42:44,990 - INFO - HTTP Request: GET https://dheowcevogwnuwhyrdpj.supabase.co/rest/v1/nnn_lookup?select=id&diagnosis=eq.risk+for+acute+substance+withdrawal+syndrome "HTTP/2 200 OK"
2025-10-03 14:42:45,698 - INFO - HTTP Request: POST https://dheowcevogwnuwhyrdpj.supabase.co/rest/v1/nnn_lookup "HTTP/2 201 Created"
2025-10-03 14:42:45,977 - INFO - HTTP Request: GET https://dheowcevogwnuwhyrdpj.supabase.co/rest/v1/nnn_lookup?select=id&diagnosis=eq.ineffective+infant+suck-swallow+response "HTTP/2 200 OK"
2025-10-03 14:42:46,643 - INFO - HTTP Request: POST https://dheowcevogwnuwhyrdpj.supabase.co/rest/v1/nnn_lookup "HTTP/2 201 Created"
2025-10-03 14:42:46,927 - INFO - HTTP Request: GET https://dheowcevogwnuwhyrdpj.supabase.co/rest/v1/nnn_lookup?select=id&diagnosis=eq.risk+for+sudden+infant+death "HTTP/2 200 OK"
2025-10-03 14:42:47,604 - INFO - HTTP Request: POST https://dheowcevogwnuwhyrdpj.supabase.co/rest/v1/nnn_lookup "HTTP/2 201 Created"
2025-10-03 14:42:47,882 - INFO - HTTP Request: GET https://dheowcevogwnuwhyrdpj.supabase.co/rest/v1/nnn_lookup?select=id&diagnosis=eq.risk+for+suffocation "HTTP/2 200 OK"
2025-10-03 14:42:48,518 - INFO - HTTP Request: POST https://dheowcevogwnuwhyrdpj.supabase.co/rest/v1/nnn_lookup "HTTP/2 201 Created"
2025-10-03 14:42:48,800 - INFO - HTTP Request: GET https://dheowcevogwnuwhyrdpj.supabase.co/rest/v1/nnn_lookup?select=id&diagnosis=eq.risk+for+suicidal+behavior "HTTP/2 200 OK"
2025-10-03 14:42:49,467 - INFO - HTTP Request: POST https://dheowcevogwnuwhyrdpj.supabase.co/rest/v1/nnn_lookup "HTTP/2 201 Created"
2025-10-03 14:42:49,746 - INFO - HTTP Request: GET https://dheowcevogwnuwhyrdpj.supabase.co/rest/v1/nnn_lookup?select=id&diagnosis=eq.delayed+surgical+recovery "HTTP/2 200 OK"
2025-10-03 14:42:50,437 - INFO - HTTP Request: POST https://dheowcevogwnuwhyrdpj.supabase.co/rest/v1/nnn_lookup "HTTP/2 201 Created"
2025-10-03 14:42:50,722 - INFO - HTTP Request: GET https://dheowcevogwnuwhyrdpj.supabase.co/rest/v1/nnn_lookup?select=id&diagnosis=eq.risk+for+delayed+surgical+recovery "HTTP/2 200 OK"
2025-10-03 14:42:51,412 - INFO - HTTP Request: POST https://dheowcevogwnuwhyrdpj.supabase.co/rest/v1/nnn_lookup "HTTP/2 201 Created"
2025-10-03 14:42:51,694 - INFO - HTTP Request: GET https://dheowcevogwnuwhyrdpj.supabase.co/rest/v1/nnn_lookup?select=id&diagnosis=eq.impaired+swallowing "HTTP/2 200 OK"
2025-10-03 14:42:52,368 - INFO - HTTP Request: POST https://dheowcevogwnuwhyrdpj.supabase.co/rest/v1/nnn_lookup "HTTP/2 201 Created"
2025-10-03 14:42:52,650 - INFO - HTTP Request: GET https://dheowcevogwnuwhyrdpj.supabase.co/rest/v1/nnn_lookup?select=id&diagnosis=eq.risk+for+thermal+injury "HTTP/2 200 OK"
2025-10-03 14:42:53,294 - INFO - HTTP Request: POST https://dheowcevogwnuwhyrdpj.supabase.co/rest/v1/nnn_lookup "HTTP/2 201 Created"
2025-10-03 14:42:53,581 - INFO - HTTP Request: GET https://dheowcevogwnuwhyrdpj.supabase.co/rest/v1/nnn_lookup?select=id&diagnosis=eq.ineffective+thermoregulation "HTTP/2 200 OK"
2025-10-03 14:42:54,269 - INFO - HTTP Request: POST https://dheowcevogwnuwhyrdpj.supabase.co/rest/v1/nnn_lookup "HTTP/2 201 Created"
2025-10-03 14:42:54,549 - INFO - HTTP Request: GET https://dheowcevogwnuwhyrdpj.supabase.co/rest/v1/nnn_lookup?select=id&diagnosis=eq.risk+for+ineffective+thermoregulation "HTTP/2 200 OK"
2025-10-03 14:42:55,217 - INFO - HTTP Request: POST https://dheowcevogwnuwhyrdpj.supabase.co/rest/v1/nnn_lookup "HTTP/2 201 Created"
2025-10-03 14:42:55,498 - INFO - HTTP Request: GET https://dheowcevogwnuwhyrdpj.supabase.co/rest/v1/nnn_lookup?select=id&diagnosis=eq.risk+for+thrombosis "HTTP/2 200 OK"
2025-10-03 14:42:56,200 - INFO - HTTP Request: POST https://dheowcevogwnuwhyrdpj.supabase.co/rest/v1/nnn_lookup "HTTP/2 201 Created"
2025-10-03 14:42:56,496 - INFO - HTTP Request: GET https://dheowcevogwnuwhyrdpj.supabase.co/rest/v1/nnn_lookup?select=id&diagnosis=eq.disturbed+thought+process "HTTP/2 200 OK"
2025-10-03 14:42:57,176 - INFO - HTTP Request: POST https://dheowcevogwnuwhyrdpj.supabase.co/rest/v1/nnn_lookup "HTTP/2 201 Created"
2025-10-03 14:42:57,458 - INFO - HTTP Request: GET https://dheowcevogwnuwhyrdpj.supabase.co/rest/v1/nnn_lookup?select=id&diagnosis=eq.impaired+tissue+integrity "HTTP/2 200 OK"
2025-10-03 14:42:58,214 - INFO - HTTP Request: POST https://dheowcevogwnuwhyrdpj.supabase.co/rest/v1/nnn_lookup "HTTP/2 201 Created"
2025-10-03 14:42:58,500 - INFO - HTTP Request: GET https://dheowcevogwnuwhyrdpj.supabase.co/rest/v1/nnn_lookup?select=id&diagnosis=eq.risk+for+impaired+tissue+integrity "HTTP/2 200 OK"
2025-10-03 14:42:59,200 - INFO - HTTP Request: POST https://dheowcevogwnuwhyrdpj.supabase.co/rest/v1/nnn_lookup "HTTP/2 201 Created"
2025-10-03 14:42:59,499 - INFO - HTTP Request: GET https://dheowcevogwnuwhyrdpj.supabase.co/rest/v1/nnn_lookup?select=id&diagnosis=eq.ineffective+peripheral+tissue+perfusion "HTTP/2 200 OK"
2025-10-03 14:43:00,163 - INFO - HTTP Request: POST https://dheowcevogwnuwhyrdpj.supabase.co/rest/v1/nnn_lookup "HTTP/2 201 Created"
2025-10-03 14:43:00,444 - INFO - HTTP Request: GET https://dheowcevogwnuwhyrdpj.supabase.co/rest/v1/nnn_lookup?select=id&diagnosis=eq.risk+for+ineffective+peripheral+tissue+perfusion "HTTP/2 200 OK"
2025-10-03 14:43:01,122 - INFO - HTTP Request: POST https://dheowcevogwnuwhyrdpj.supabase.co/rest/v1/nnn_lookup "HTTP/2 201 Created"
2025-10-03 14:43:01,405 - INFO - HTTP Request: GET https://dheowcevogwnuwhyrdpj.supabase.co/rest/v1/nnn_lookup?select=id&diagnosis=eq.impaired+transfer+ability "HTTP/2 200 OK"
2025-10-03 14:43:02,087 - INFO - HTTP Request: POST https://dheowcevogwnuwhyrdpj.supabase.co/rest/v1/nnn_lookup "HTTP/2 201 Created"
2025-10-03 14:43:02,373 - INFO - HTTP Request: GET https://dheowcevogwnuwhyrdpj.supabase.co/rest/v1/nnn_lookup?select=id&diagnosis=eq.risk+for+physical+trauma "HTTP/2 200 OK"
2025-10-03 14:43:03,040 - INFO - HTTP Request: POST https://dheowcevogwnuwhyrdpj.supabase.co/rest/v1/nnn_lookup "HTTP/2 201 Created"
2025-10-03 14:43:03,326 - INFO - HTTP Request: GET https://dheowcevogwnuwhyrdpj.supabase.co/rest/v1/nnn_lookup?select=id&diagnosis=eq.unilateral+neglect "HTTP/2 200 OK"
2025-10-03 14:43:04,003 - INFO - HTTP Request: POST https://dheowcevogwnuwhyrdpj.supabase.co/rest/v1/nnn_lookup "HTTP/2 201 Created"
2025-10-03 14:43:04,291 - INFO - HTTP Request: GET https://dheowcevogwnuwhyrdpj.supabase.co/rest/v1/nnn_lookup?select=id&diagnosis=eq.impaired+urinary+elimination "HTTP/2 200 OK"
2025-10-03 14:43:04,975 - INFO - HTTP Request: POST https://dheowcevogwnuwhyrdpj.supabase.co/rest/v1/nnn_lookup "HTTP/2 201 Created"
2025-10-03 14:43:05,254 - INFO - HTTP Request: GET https://dheowcevogwnuwhyrdpj.supabase.co/rest/v1/nnn_lookup?select=id&diagnosis=eq.urinary+retention "HTTP/2 200 OK"
2025-10-03 14:43:06,011 - INFO - HTTP Request: POST https://dheowcevogwnuwhyrdpj.supabase.co/rest/v1/nnn_lookup "HTTP/2 201 Created"
2025-10-03 14:43:06,297 - INFO - HTTP Request: GET https://dheowcevogwnuwhyrdpj.supabase.co/rest/v1/nnn_lookup?select=id&diagnosis=eq.risk+for+urinary+retention "HTTP/2 200 OK"
2025-10-03 14:43:07,033 - INFO - HTTP Request: POST https://dheowcevogwnuwhyrdpj.supabase.co/rest/v1/nnn_lookup "HTTP/2 201 Created"
2025-10-03 14:43:07,318 - INFO - HTTP Request: GET https://dheowcevogwnuwhyrdpj.supabase.co/rest/v1/nnn_lookup?select=id&diagnosis=eq.risk+for+vascular+trauma "HTTP/2 200 OK"
2025-10-03 14:43:08,053 - INFO - HTTP Request: POST https://dheowcevogwnuwhyrdpj.supabase.co/rest/v1/nnn_lookup "HTTP/2 201 Created"
2025-10-03 14:43:08,338 - INFO - HTTP Request: GET https://dheowcevogwnuwhyrdpj.supabase.co/rest/v1/nnn_lookup?select=id&diagnosis=eq.impaired+spontaneous+ventilation "HTTP/2 200 OK"
2025-10-03 14:43:09,014 - INFO - HTTP Request: POST https://dheowcevogwnuwhyrdpj.supabase.co/rest/v1/nnn_lookup "HTTP/2 201 Created"
2025-10-03 14:43:09,295 - INFO - HTTP Request: GET https://dheowcevogwnuwhyrdpj.supabase.co/rest/v1/nnn_lookup?select=id&diagnosis=eq.dysfunctional+adult+ventilatory+weaning+response "HTTP/2 200 OK"
2025-10-03 14:43:09,954 - INFO - HTTP Request: POST https://dheowcevogwnuwhyrdpj.supabase.co/rest/v1/nnn_lookup "HTTP/2 201 Created"
2025-10-03 14:43:10,244 - INFO - HTTP Request: GET https://dheowcevogwnuwhyrdpj.supabase.co/rest/v1/nnn_lookup?select=id&diagnosis=eq.dysfunctional+ventilatory+weaning+response "HTTP/2 200 OK"
2025-10-03 14:43:10,915 - INFO - HTTP Request: POST https://dheowcevogwnuwhyrdpj.supabase.co/rest/v1/nnn_lookup "HTTP/2 201 Created"
2025-10-03 14:43:11,205 - INFO - HTTP Request: GET https://dheowcevogwnuwhyrdpj.supabase.co/rest/v1/nnn_lookup?select=id&diagnosis=eq.risk+for+other-directed+violence "HTTP/2 200 OK"
2025-10-03 14:43:11,902 - INFO - HTTP Request: POST https://dheowcevogwnuwhyrdpj.supabase.co/rest/v1/nnn_lookup "HTTP/2 201 Created"
2025-10-03 14:43:12,192 - INFO - HTTP Request: GET https://dheowcevogwnuwhyrdpj.supabase.co/rest/v1/nnn_lookup?select=id&diagnosis=eq.risk+for+self-directed+violence "HTTP/2 200 OK"
2025-10-03 14:43:12,858 - INFO - HTTP Request: POST https://dheowcevogwnuwhyrdpj.supabase.co/rest/v1/nnn_lookup "HTTP/2 201 Created"
2025-10-03 14:43:13,153 - INFO - HTTP Request: GET https://dheowcevogwnuwhyrdpj.supabase.co/rest/v1/nnn_lookup?select=id&diagnosis=eq.impaired+walking "HTTP/2 200 OK"
2025-10-03 14:43:13,894 - INFO - HTTP Request: POST https://dheowcevogwnuwhyrdpj.supabase.co/rest/v1/nnn_lookup "HTTP/2 201 Created"
2025-10-03 14:43:14,180 - INFO - HTTP Request: GET https://dheowcevogwnuwhyrdpj.supabase.co/rest/v1/nnn_lookup?select=id&diagnosis=eq.wandering "HTTP/2 200 OK"
2025-10-03 14:43:14,874 - INFO - HTTP Request: POST https://dheowcevogwnuwhyrdpj.supabase.co/rest/v1/nnn_lookup "HTTP/2 201 Created"
2025-10-03 14:43:15,219 - INFO - Backup file saved: new_nnn_content_with_embeddings.json
2025-10-03 14:43:15,219 - INFO - ==================================================
2025-10-03 14:43:15,219 - INFO - MIGRATION COMPLETE
2025-10-03 14:43:15,220 - INFO - ==================================================
2025-10-03 14:43:15,220 - INFO - Total entries processed: 267
2025-10-03 14:43:15,220 - INFO - Successfully migrated: 267
2025-10-03 14:43:15,220 - INFO - Skipped (already exists): 0
2025-10-03 14:43:15,220 - INFO - Failed: 0
2025-10-03 14:43:15,221 - INFO - Success rate: 100.0%
